SF:/Users/david/Development/sdf-flash-gui/src/branding.rs
FN:25,_RNvNtNtCscxe6y7LucFy_13sdf_flash_gui8branding5testss_31makemkv_urls_are_https_official
FN:32,_RNvNtNtCscxe6y7LucFy_13sdf_flash_gui8branding5testss_41app_version_matches_cargo_package_version
FN:20,_RNvNtNtCscxe6y7LucFy_13sdf_flash_gui8branding5testss_42display_name_matches_packager_product_name
FNDA:1,_RNvNtNtCscxe6y7LucFy_13sdf_flash_gui8branding5testss_31makemkv_urls_are_https_official
FNDA:1,_RNvNtNtCscxe6y7LucFy_13sdf_flash_gui8branding5testss_41app_version_matches_cargo_package_version
FNDA:1,_RNvNtNtCscxe6y7LucFy_13sdf_flash_gui8branding5testss_42display_name_matches_packager_product_name
FNF:3
FNH:3
DA:20,1
DA:21,1
DA:22,1
DA:25,1
DA:26,1
DA:27,1
DA:28,1
DA:29,1
DA:32,1
DA:33,1
DA:34,1
DA:35,1
BRF:0
BRH:0
LF:12
LH:12
end_of_record
SF:/Users/david/Development/sdf-flash-gui/src/command.rs
FN:68,_RNvMNtCs3Wy3tfohZJx_13sdf_flash_gui7commandNtB2_16LibreDriveStatus10is_enabled
FN:73,_RNvMNtCs3Wy3tfohZJx_13sdf_flash_gui7commandNtB2_16LibreDriveStatus11is_possible
FN:140,_RNvNtCs3Wy3tfohZJx_13sdf_flash_gui7command12plan_command
FN:266,_RNvNtCs3Wy3tfohZJx_13sdf_flash_gui7command14backend_prefix
FN:257,_RNvNtCs3Wy3tfohZJx_13sdf_flash_gui7command15plan_drive_info
FN:248,_RNvNtCs3Wy3tfohZJx_13sdf_flash_gui7command15plan_drive_list
FN:396,_RNvNtCs3Wy3tfohZJx_13sdf_flash_gui7command16extract_mtk_mode
FN:136,_RNvNtCs3Wy3tfohZJx_13sdf_flash_gui7command20confirmation_matches
FN:131,_RNvNtCs3Wy3tfohZJx_13sdf_flash_gui7command20write_modes_conflict
FN:296,_RNvNtCs3Wy3tfohZJx_13sdf_flash_gui7command21classify_drive_safety
FN:334,_RNvNtCs3Wy3tfohZJx_13sdf_flash_gui7command26classify_libredrive_status
FN:273,_RNvNtCs3Wy3tfohZJx_13sdf_flash_gui7command27extract_recovery_boot_token
FN:126,_RNvNtCs3Wy3tfohZJx_13sdf_flash_gui7command27required_flash_confirmation
FN:401,_RNvNtCs3Wy3tfohZJx_13sdf_flash_gui7command28extract_firmware_date_prefix
FN:285,_RNvNtCs3Wy3tfohZJx_13sdf_flash_gui7command28validate_recovery_boot_token
FN:398,_RNCNvNtCs3Wy3tfohZJx_13sdf_flash_gui7command16extract_mtk_mode0B5_
FN:299,_RNCNvNtCs3Wy3tfohZJx_13sdf_flash_gui7command21classify_drive_safety0B5_
FN:306,_RNCNvNtCs3Wy3tfohZJx_13sdf_flash_gui7command21classify_drive_safetys0_0B5_
FN:309,_RNCNvNtCs3Wy3tfohZJx_13sdf_flash_gui7command21classify_drive_safetys1_0B5_
FN:316,_RNCNvNtCs3Wy3tfohZJx_13sdf_flash_gui7command21classify_drive_safetys2_0B5_
FN:317,_RNCNvNtCs3Wy3tfohZJx_13sdf_flash_gui7command21classify_drive_safetys3_0B5_
FN:303,_RNCNvNtCs3Wy3tfohZJx_13sdf_flash_gui7command21classify_drive_safetys_0B5_
FN:374,_RNCNvNtCs3Wy3tfohZJx_13sdf_flash_gui7command26classify_libredrive_status0B5_
FN:383,_RNCNvNtCs3Wy3tfohZJx_13sdf_flash_gui7command26classify_libredrive_statuss_0B5_
FN:402,_RNCNvNtCs3Wy3tfohZJx_13sdf_flash_gui7command28extract_firmware_date_prefix0B5_
FN:68,_RNvMNtCscxe6y7LucFy_13sdf_flash_gui7commandNtB2_16LibreDriveStatus10is_enabled
FN:73,_RNvMNtCscxe6y7LucFy_13sdf_flash_gui7commandNtB2_16LibreDriveStatus11is_possible
FN:140,_RNvNtCscxe6y7LucFy_13sdf_flash_gui7command12plan_command
FN:266,_RNvNtCscxe6y7LucFy_13sdf_flash_gui7command14backend_prefix
FN:257,_RNvNtCscxe6y7LucFy_13sdf_flash_gui7command15plan_drive_info
FN:248,_RNvNtCscxe6y7LucFy_13sdf_flash_gui7command15plan_drive_list
FN:396,_RNvNtCscxe6y7LucFy_13sdf_flash_gui7command16extract_mtk_mode
FN:136,_RNvNtCscxe6y7LucFy_13sdf_flash_gui7command20confirmation_matches
FN:131,_RNvNtCscxe6y7LucFy_13sdf_flash_gui7command20write_modes_conflict
FN:296,_RNvNtCscxe6y7LucFy_13sdf_flash_gui7command21classify_drive_safety
FN:334,_RNvNtCscxe6y7LucFy_13sdf_flash_gui7command26classify_libredrive_status
FN:273,_RNvNtCscxe6y7LucFy_13sdf_flash_gui7command27extract_recovery_boot_token
FN:126,_RNvNtCscxe6y7LucFy_13sdf_flash_gui7command27required_flash_confirmation
FN:401,_RNvNtCscxe6y7LucFy_13sdf_flash_gui7command28extract_firmware_date_prefix
FN:285,_RNvNtCscxe6y7LucFy_13sdf_flash_gui7command28validate_recovery_boot_token
FN:398,_RNCNvNtCscxe6y7LucFy_13sdf_flash_gui7command16extract_mtk_mode0B5_
FN:299,_RNCNvNtCscxe6y7LucFy_13sdf_flash_gui7command21classify_drive_safety0B5_
FN:306,_RNCNvNtCscxe6y7LucFy_13sdf_flash_gui7command21classify_drive_safetys0_0B5_
FN:309,_RNCNvNtCscxe6y7LucFy_13sdf_flash_gui7command21classify_drive_safetys1_0B5_
FN:316,_RNCNvNtCscxe6y7LucFy_13sdf_flash_gui7command21classify_drive_safetys2_0B5_
FN:317,_RNCNvNtCscxe6y7LucFy_13sdf_flash_gui7command21classify_drive_safetys3_0B5_
FN:303,_RNCNvNtCscxe6y7LucFy_13sdf_flash_gui7command21classify_drive_safetys_0B5_
FN:374,_RNCNvNtCscxe6y7LucFy_13sdf_flash_gui7command26classify_libredrive_status0B5_
FN:383,_RNCNvNtCscxe6y7LucFy_13sdf_flash_gui7command26classify_libredrive_statuss_0B5_
FN:402,_RNCNvNtCscxe6y7LucFy_13sdf_flash_gui7command28extract_firmware_date_prefix0B5_
FN:415,_RNvNtNtCscxe6y7LucFy_13sdf_flash_gui7command5tests12base_request
FN:536,_RNvNtNtCscxe6y7LucFy_13sdf_flash_gui7command5testss_17blocks_non_mt1959
FN:721,_RNvNtNtCscxe6y7LucFy_13sdf_flash_gui7command5testss_19classify_non_mt1959
FN:631,_RNvNtNtCscxe6y7LucFy_13sdf_flash_gui7command5testss_19rejects_empty_drive
FN:1070,_RNvNtNtCscxe6y7LucFy_13sdf_flash_gui7command5testss_20classify_no_mtk_line
FN:428,_RNvNtNtCscxe6y7LucFy_13sdf_flash_gui7command5testss_20plans_plain_rawflash
FN:561,_RNvNtNtCscxe6y7LucFy_13sdf_flash_gui7command5testss_20plans_read_operation
FN:576,_RNvNtNtCscxe6y7LucFy_13sdf_flash_gui7command5testss_22plans_full_boot_loader
FN:715,_RNvNtNtCscxe6y7LucFy_13sdf_flash_gui7command5testss_23plan_drive_info_command
FN:702,_RNvNtNtCscxe6y7LucFy_13sdf_flash_gui7command5testss_23plan_drive_list_command
FN:590,_RNvNtNtCscxe6y7LucFy_13sdf_flash_gui7command5testss_23plans_recover_operation
FN:621,_RNvNtNtCscxe6y7LucFy_13sdf_flash_gui7command5testss_23rejects_empty_tool_path
FN:731,_RNvNtNtCscxe6y7LucFy_13sdf_flash_gui7command5testss_24classify_mt1939_detected
FN:782,_RNvNtNtCscxe6y7LucFy_13sdf_flash_gui7command5testss_24extract_mtk_mode_various
FN:1045,_RNvNtNtCscxe6y7LucFy_13sdf_flash_gui7command5testss_24plan_recover_empty_token
FN:443,_RNvNtNtCscxe6y7LucFy_13sdf_flash_gui7command5testss_24plans_encrypted_rawflash
FN:651,_RNvNtNtCscxe6y7LucFy_13sdf_flash_gui7command5testss_24rejects_empty_output_dir
FN:550,_RNvNtNtCscxe6y7LucFy_13sdf_flash_gui7command5testss_26classifies_encrypted_drive
FN:790,_RNvNtNtCscxe6y7LucFy_13sdf_flash_gui7command5testss_26libre_drive_status_helpers
FN:1029,_RNvNtNtCscxe6y7LucFy_13sdf_flash_gui7command5testss_26plan_drive_info_makemkvcon
FN:709,_RNvNtNtCscxe6y7LucFy_13sdf_flash_gui7command5testss_26plan_drive_list_makemkvcon
FN:676,_RNvNtNtCscxe6y7LucFy_13sdf_flash_gui7command5testss_26rejects_invalid_boot_token
FN:803,_RNvNtNtCscxe6y7LucFy_13sdf_flash_gui7command5testss_27classify_libredrive_present
FN:1036,_RNvNtNtCscxe6y7LucFy_13sdf_flash_gui7command5testss_27plan_recover_empty_firmware
FN:641,_RNvNtNtCscxe6y7LucFy_13sdf_flash_gui7command5testss_27rejects_empty_firmware_path
FN:1063,_RNvNtNtCscxe6y7LucFy_13sdf_flash_gui7command5testss_28classify_mtk_mode_whitespace
FN:457,_RNvNtNtCscxe6y7LucFy_13sdf_flash_gui7command5testss_29makemkvcon_backend_prefixes_f
FN:988,_RNvNtNtCscxe6y7LucFy_13sdf_flash_gui7command5testss_29plan_command_trims_whitespace
FN:662,_RNvNtNtCscxe6y7LucFy_13sdf_flash_gui7command5testss_29rejects_confirmation_mismatch
FN:496,_RNvNtNtCscxe6y7LucFy_13sdf_flash_gui7command5testss_30plans_with_sdf_path_makemkvcon
FN:811,_RNvNtNtCscxe6y7LucFy_13sdf_flash_gui7command5testss_31classify_libredrive_not_present
FN:765,_RNvNtNtCscxe6y7LucFy_13sdf_flash_gui7command5testss_31classify_not_encrypted_old_date
FN:611,_RNvNtNtCscxe6y7LucFy_13sdf_flash_gui7command5testss_31rejects_conflicting_write_modes
FN:896,_RNvNtNtCscxe6y7LucFy_13sdf_flash_gui7command5testss_32classify_libredrive_8102_enabled
FN:755,_RNvNtNtCscxe6y7LucFy_13sdf_flash_gui7command5testss_33classify_encrypted_by_date_prefix
FN:905,_RNvNtNtCscxe6y7LucFy_13sdf_flash_gui7command5testss_33classify_libredrive_8102_disabled
FN:746,_RNvNtNtCscxe6y7LucFy_13sdf_flash_gui7command5testss_33classify_mtk_mode_m_not_encrypted
FN:685,_RNvNtNtCscxe6y7LucFy_13sdf_flash_gui7command5testss_33extract_recovery_boot_token_valid
FN:967,_RNvNtNtCscxe6y7LucFy_13sdf_flash_gui7command5testss_33required_flash_confirmation_trims
FN:472,_RNvNtNtCscxe6y7LucFy_13sdf_flash_gui7command5testss_34plans_with_sdf_path_injects_f_flag
FN:972,_RNvNtNtCscxe6y7LucFy_13sdf_flash_gui7command5testss_35write_modes_conflict_only_when_both
FN:774,_RNvNtNtCscxe6y7LucFy_13sdf_flash_gui7command5testss_37classify_date_prefix_from_info_output
FN:837,_RNvNtNtCscxe6y7LucFy_13sdf_flash_gui7command5testss_37classify_libredrive_8102_not_possible
FN:914,_RNvNtNtCscxe6y7LucFy_13sdf_flash_gui7command5testss_37classify_libredrive_bare_enabled_line
FN:693,_RNvNtNtCscxe6y7LucFy_13sdf_flash_gui7command5testss_37extract_recovery_boot_token_too_short
FN:953,_RNvNtNtCscxe6y7LucFy_13sdf_flash_gui7command5testss_38classify_libredrive_absent_from_output
FN:923,_RNvNtNtCscxe6y7LucFy_13sdf_flash_gui7command5testss_38classify_libredrive_absent_phrase_line
FN:960,_RNvNtNtCscxe6y7LucFy_13sdf_flash_gui7command5testss_38classify_sdf_version_strips_whitespace
FN:1079,_RNvNtNtCscxe6y7LucFy_13sdf_flash_gui7command5testss_38extract_firmware_date_prefix_no_digits
FN:522,_RNvNtNtCscxe6y7LucFy_13sdf_flash_gui7command5testss_38plans_with_empty_sdf_path_omits_f_flag
FN:852,_RNvNtNtCscxe6y7LucFy_13sdf_flash_gui7command5testss_39classify_libredrive_8102_possible_short
FN:820,_RNvNtNtCscxe6y7LucFy_13sdf_flash_gui7command5testss_40classify_libredrive_possible_not_enabled
FN:1007,_RNvNtNtCscxe6y7LucFy_13sdf_flash_gui7command5testss_40extract_recovery_boot_token_invalid_utf8
FN:1018,_RNvNtNtCscxe6y7LucFy_13sdf_flash_gui7command5testss_41extract_recovery_boot_token_non_printable
FN:738,_RNvNtNtCscxe6y7LucFy_13sdf_flash_gui7command5testss_42classify_mt1959_takes_priority_over_mt1939
FN:1084,_RNvNtNtCscxe6y7LucFy_13sdf_flash_gui7command5testss_42extract_firmware_date_prefix_short_segment
FN:944,_RNvNtNtCscxe6y7LucFy_13sdf_flash_gui7command5testss_43classify_libredrive_mentions_without_status
FN:1089,_RNvNtNtCscxe6y7LucFy_13sdf_flash_gui7command5testss_45drive_safety_deserialize_without_mt1939_field
FN:1054,_RNvNtNtCscxe6y7LucFy_13sdf_flash_gui7command5testss_45extract_recovery_boot_token_with_ascii_digits
FN:878,_RNvNtNtCscxe6y7LucFy_13sdf_flash_gui7command5testss_47classify_libredrive_possible_all_lowercase_line
FN:932,_RNvNtNtCscxe6y7LucFy_13sdf_flash_gui7command5testss_48classify_libredrive_specific_absent_with_section
FN:861,_RNvNtNtCscxe6y7LucFy_13sdf_flash_gui7command5testss_49classify_libredrive_8102_unknown_status_continues
FN:870,_RNvNtNtCscxe6y7LucFy_13sdf_flash_gui7command5testss_49classify_libredrive_possible_capital_enabled_word
FN:980,_RNvNtNtCscxe6y7LucFy_13sdf_flash_gui7command5testss_52confirmation_matches_trims_and_requires_flash_device
FN:886,_RNvNtNtCscxe6y7LucFy_13sdf_flash_gui7command5testss_57classify_libredrive_possible_not_yet_without_comma_phrase
FNDA:0,_RNvMNtCs3Wy3tfohZJx_13sdf_flash_gui7commandNtB2_16LibreDriveStatus10is_enabled
FNDA:0,_RNvMNtCs3Wy3tfohZJx_13sdf_flash_gui7commandNtB2_16LibreDriveStatus11is_possible
FNDA:0,_RNvNtCs3Wy3tfohZJx_13sdf_flash_gui7command12plan_command
FNDA:0,_RNvNtCs3Wy3tfohZJx_13sdf_flash_gui7command14backend_prefix
FNDA:0,_RNvNtCs3Wy3tfohZJx_13sdf_flash_gui7command15plan_drive_info
FNDA:0,_RNvNtCs3Wy3tfohZJx_13sdf_flash_gui7command15plan_drive_list
FNDA:0,_RNvNtCs3Wy3tfohZJx_13sdf_flash_gui7command16extract_mtk_mode
FNDA:0,_RNvNtCs3Wy3tfohZJx_13sdf_flash_gui7command20confirmation_matches
FNDA:0,_RNvNtCs3Wy3tfohZJx_13sdf_flash_gui7command20write_modes_conflict
FNDA:0,_RNvNtCs3Wy3tfohZJx_13sdf_flash_gui7command21classify_drive_safety
FNDA:0,_RNvNtCs3Wy3tfohZJx_13sdf_flash_gui7command26classify_libredrive_status
FNDA:0,_RNvNtCs3Wy3tfohZJx_13sdf_flash_gui7command27extract_recovery_boot_token
FNDA:0,_RNvNtCs3Wy3tfohZJx_13sdf_flash_gui7command27required_flash_confirmation
FNDA:0,_RNvNtCs3Wy3tfohZJx_13sdf_flash_gui7command28extract_firmware_date_prefix
FNDA:0,_RNvNtCs3Wy3tfohZJx_13sdf_flash_gui7command28validate_recovery_boot_token
FNDA:0,_RNCNvNtCs3Wy3tfohZJx_13sdf_flash_gui7command16extract_mtk_mode0B5_
FNDA:0,_RNCNvNtCs3Wy3tfohZJx_13sdf_flash_gui7command21classify_drive_safety0B5_
FNDA:0,_RNCNvNtCs3Wy3tfohZJx_13sdf_flash_gui7command21classify_drive_safetys0_0B5_
FNDA:0,_RNCNvNtCs3Wy3tfohZJx_13sdf_flash_gui7command21classify_drive_safetys1_0B5_
FNDA:0,_RNCNvNtCs3Wy3tfohZJx_13sdf_flash_gui7command21classify_drive_safetys2_0B5_
FNDA:0,_RNCNvNtCs3Wy3tfohZJx_13sdf_flash_gui7command21classify_drive_safetys3_0B5_
FNDA:0,_RNCNvNtCs3Wy3tfohZJx_13sdf_flash_gui7command21classify_drive_safetys_0B5_
FNDA:0,_RNCNvNtCs3Wy3tfohZJx_13sdf_flash_gui7command26classify_libredrive_status0B5_
FNDA:0,_RNCNvNtCs3Wy3tfohZJx_13sdf_flash_gui7command26classify_libredrive_statuss_0B5_
FNDA:0,_RNCNvNtCs3Wy3tfohZJx_13sdf_flash_gui7command28extract_firmware_date_prefix0B5_
FNDA:5,_RNvMNtCscxe6y7LucFy_13sdf_flash_gui7commandNtB2_16LibreDriveStatus10is_enabled
FNDA:5,_RNvMNtCscxe6y7LucFy_13sdf_flash_gui7commandNtB2_16LibreDriveStatus11is_possible
FNDA:32,_RNvNtCscxe6y7LucFy_13sdf_flash_gui7command12plan_command
FNDA:74,_RNvNtCscxe6y7LucFy_13sdf_flash_gui7command14backend_prefix
FNDA:23,_RNvNtCscxe6y7LucFy_13sdf_flash_gui7command15plan_drive_info
FNDA:24,_RNvNtCscxe6y7LucFy_13sdf_flash_gui7command15plan_drive_list
FNDA:10,_RNvNtCscxe6y7LucFy_13sdf_flash_gui7command16extract_mtk_mode
FNDA:21,_RNvNtCscxe6y7LucFy_13sdf_flash_gui7command20confirmation_matches
FNDA:46,_RNvNtCscxe6y7LucFy_13sdf_flash_gui7command20write_modes_conflict
FNDA:25,_RNvNtCscxe6y7LucFy_13sdf_flash_gui7command21classify_drive_safety
FNDA:38,_RNvNtCscxe6y7LucFy_13sdf_flash_gui7command26classify_libredrive_status
FNDA:9,_RNvNtCscxe6y7LucFy_13sdf_flash_gui7command27extract_recovery_boot_token
FNDA:62,_RNvNtCscxe6y7LucFy_13sdf_flash_gui7command27required_flash_confirmation
FNDA:48,_RNvNtCscxe6y7LucFy_13sdf_flash_gui7command28extract_firmware_date_prefix
FNDA:12,_RNvNtCscxe6y7LucFy_13sdf_flash_gui7command28validate_recovery_boot_token
FNDA:9,_RNCNvNtCscxe6y7LucFy_13sdf_flash_gui7command16extract_mtk_mode0B5_
FNDA:41,_RNCNvNtCscxe6y7LucFy_13sdf_flash_gui7command21classify_drive_safety0B5_
FNDA:65,_RNCNvNtCscxe6y7LucFy_13sdf_flash_gui7command21classify_drive_safetys0_0B5_
FNDA:21,_RNCNvNtCscxe6y7LucFy_13sdf_flash_gui7command21classify_drive_safetys1_0B5_
FNDA:50,_RNCNvNtCscxe6y7LucFy_13sdf_flash_gui7command21classify_drive_safetys2_0B5_
FNDA:6,_RNCNvNtCscxe6y7LucFy_13sdf_flash_gui7command21classify_drive_safetys3_0B5_
FNDA:20,_RNCNvNtCscxe6y7LucFy_13sdf_flash_gui7command21classify_drive_safetys_0B5_
FNDA:63,_RNCNvNtCscxe6y7LucFy_13sdf_flash_gui7command26classify_libredrive_status0B5_
FNDA:57,_RNCNvNtCscxe6y7LucFy_13sdf_flash_gui7command26classify_libredrive_statuss_0B5_
FNDA:189,_RNCNvNtCscxe6y7LucFy_13sdf_flash_gui7command28extract_firmware_date_prefix0B5_
FNDA:19,_RNvNtNtCscxe6y7LucFy_13sdf_flash_gui7command5tests12base_request
FNDA:1,_RNvNtNtCscxe6y7LucFy_13sdf_flash_gui7command5testss_17blocks_non_mt1959
FNDA:1,_RNvNtNtCscxe6y7LucFy_13sdf_flash_gui7command5testss_19classify_non_mt1959
FNDA:1,_RNvNtNtCscxe6y7LucFy_13sdf_flash_gui7command5testss_19rejects_empty_drive
FNDA:1,_RNvNtNtCscxe6y7LucFy_13sdf_flash_gui7command5testss_20classify_no_mtk_line
FNDA:1,_RNvNtNtCscxe6y7LucFy_13sdf_flash_gui7command5testss_20plans_plain_rawflash
FNDA:1,_RNvNtNtCscxe6y7LucFy_13sdf_flash_gui7command5testss_20plans_read_operation
FNDA:1,_RNvNtNtCscxe6y7LucFy_13sdf_flash_gui7command5testss_22plans_full_boot_loader
FNDA:1,_RNvNtNtCscxe6y7LucFy_13sdf_flash_gui7command5testss_23plan_drive_info_command
FNDA:1,_RNvNtNtCscxe6y7LucFy_13sdf_flash_gui7command5testss_23plan_drive_list_command
FNDA:1,_RNvNtNtCscxe6y7LucFy_13sdf_flash_gui7command5testss_23plans_recover_operation
FNDA:1,_RNvNtNtCscxe6y7LucFy_13sdf_flash_gui7command5testss_23rejects_empty_tool_path
FNDA:1,_RNvNtNtCscxe6y7LucFy_13sdf_flash_gui7command5testss_24classify_mt1939_detected
FNDA:1,_RNvNtNtCscxe6y7LucFy_13sdf_flash_gui7command5testss_24extract_mtk_mode_various
FNDA:1,_RNvNtNtCscxe6y7LucFy_13sdf_flash_gui7command5testss_24plan_recover_empty_token
FNDA:1,_RNvNtNtCscxe6y7LucFy_13sdf_flash_gui7command5testss_24plans_encrypted_rawflash
FNDA:1,_RNvNtNtCscxe6y7LucFy_13sdf_flash_gui7command5testss_24rejects_empty_output_dir
FNDA:1,_RNvNtNtCscxe6y7LucFy_13sdf_flash_gui7command5testss_26classifies_encrypted_drive
FNDA:1,_RNvNtNtCscxe6y7LucFy_13sdf_flash_gui7command5testss_26libre_drive_status_helpers
FNDA:1,_RNvNtNtCscxe6y7LucFy_13sdf_flash_gui7command5testss_26plan_drive_info_makemkvcon
FNDA:1,_RNvNtNtCscxe6y7LucFy_13sdf_flash_gui7command5testss_26plan_drive_list_makemkvcon
FNDA:1,_RNvNtNtCscxe6y7LucFy_13sdf_flash_gui7command5testss_26rejects_invalid_boot_token
FNDA:1,_RNvNtNtCscxe6y7LucFy_13sdf_flash_gui7command5testss_27classify_libredrive_present
FNDA:1,_RNvNtNtCscxe6y7LucFy_13sdf_flash_gui7command5testss_27plan_recover_empty_firmware
FNDA:1,_RNvNtNtCscxe6y7LucFy_13sdf_flash_gui7command5testss_27rejects_empty_firmware_path
FNDA:1,_RNvNtNtCscxe6y7LucFy_13sdf_flash_gui7command5testss_28classify_mtk_mode_whitespace
FNDA:1,_RNvNtNtCscxe6y7LucFy_13sdf_flash_gui7command5testss_29makemkvcon_backend_prefixes_f
FNDA:1,_RNvNtNtCscxe6y7LucFy_13sdf_flash_gui7command5testss_29plan_command_trims_whitespace
FNDA:1,_RNvNtNtCscxe6y7LucFy_13sdf_flash_gui7command5testss_29rejects_confirmation_mismatch
FNDA:1,_RNvNtNtCscxe6y7LucFy_13sdf_flash_gui7command5testss_30plans_with_sdf_path_makemkvcon
FNDA:1,_RNvNtNtCscxe6y7LucFy_13sdf_flash_gui7command5testss_31classify_libredrive_not_present
FNDA:1,_RNvNtNtCscxe6y7LucFy_13sdf_flash_gui7command5testss_31classify_not_encrypted_old_date
FNDA:1,_RNvNtNtCscxe6y7LucFy_13sdf_flash_gui7command5testss_31rejects_conflicting_write_modes
FNDA:1,_RNvNtNtCscxe6y7LucFy_13sdf_flash_gui7command5testss_32classify_libredrive_8102_enabled
FNDA:1,_RNvNtNtCscxe6y7LucFy_13sdf_flash_gui7command5testss_33classify_encrypted_by_date_prefix
FNDA:1,_RNvNtNtCscxe6y7LucFy_13sdf_flash_gui7command5testss_33classify_libredrive_8102_disabled
FNDA:1,_RNvNtNtCscxe6y7LucFy_13sdf_flash_gui7command5testss_33classify_mtk_mode_m_not_encrypted
FNDA:1,_RNvNtNtCscxe6y7LucFy_13sdf_flash_gui7command5testss_33extract_recovery_boot_token_valid
FNDA:1,_RNvNtNtCscxe6y7LucFy_13sdf_flash_gui7command5testss_33required_flash_confirmation_trims
FNDA:1,_RNvNtNtCscxe6y7LucFy_13sdf_flash_gui7command5testss_34plans_with_sdf_path_injects_f_flag
FNDA:1,_RNvNtNtCscxe6y7LucFy_13sdf_flash_gui7command5testss_35write_modes_conflict_only_when_both
FNDA:1,_RNvNtNtCscxe6y7LucFy_13sdf_flash_gui7command5testss_37classify_date_prefix_from_info_output
FNDA:1,_RNvNtNtCscxe6y7LucFy_13sdf_flash_gui7command5testss_37classify_libredrive_8102_not_possible
FNDA:1,_RNvNtNtCscxe6y7LucFy_13sdf_flash_gui7command5testss_37classify_libredrive_bare_enabled_line
FNDA:1,_RNvNtNtCscxe6y7LucFy_13sdf_flash_gui7command5testss_37extract_recovery_boot_token_too_short
FNDA:1,_RNvNtNtCscxe6y7LucFy_13sdf_flash_gui7command5testss_38classify_libredrive_absent_from_output
FNDA:1,_RNvNtNtCscxe6y7LucFy_13sdf_flash_gui7command5testss_38classify_libredrive_absent_phrase_line
FNDA:1,_RNvNtNtCscxe6y7LucFy_13sdf_flash_gui7command5testss_38classify_sdf_version_strips_whitespace
FNDA:1,_RNvNtNtCscxe6y7LucFy_13sdf_flash_gui7command5testss_38extract_firmware_date_prefix_no_digits
FNDA:1,_RNvNtNtCscxe6y7LucFy_13sdf_flash_gui7command5testss_38plans_with_empty_sdf_path_omits_f_flag
FNDA:1,_RNvNtNtCscxe6y7LucFy_13sdf_flash_gui7command5testss_39classify_libredrive_8102_possible_short
FNDA:1,_RNvNtNtCscxe6y7LucFy_13sdf_flash_gui7command5testss_40classify_libredrive_possible_not_enabled
FNDA:1,_RNvNtNtCscxe6y7LucFy_13sdf_flash_gui7command5testss_40extract_recovery_boot_token_invalid_utf8
FNDA:1,_RNvNtNtCscxe6y7LucFy_13sdf_flash_gui7command5testss_41extract_recovery_boot_token_non_printable
FNDA:1,_RNvNtNtCscxe6y7LucFy_13sdf_flash_gui7command5testss_42classify_mt1959_takes_priority_over_mt1939
FNDA:1,_RNvNtNtCscxe6y7LucFy_13sdf_flash_gui7command5testss_42extract_firmware_date_prefix_short_segment
FNDA:1,_RNvNtNtCscxe6y7LucFy_13sdf_flash_gui7command5testss_43classify_libredrive_mentions_without_status
FNDA:1,_RNvNtNtCscxe6y7LucFy_13sdf_flash_gui7command5testss_45drive_safety_deserialize_without_mt1939_field
FNDA:1,_RNvNtNtCscxe6y7LucFy_13sdf_flash_gui7command5testss_45extract_recovery_boot_token_with_ascii_digits
FNDA:1,_RNvNtNtCscxe6y7LucFy_13sdf_flash_gui7command5testss_47classify_libredrive_possible_all_lowercase_line
FNDA:1,_RNvNtNtCscxe6y7LucFy_13sdf_flash_gui7command5testss_48classify_libredrive_specific_absent_with_section
FNDA:1,_RNvNtNtCscxe6y7LucFy_13sdf_flash_gui7command5testss_49classify_libredrive_8102_unknown_status_continues
FNDA:1,_RNvNtNtCscxe6y7LucFy_13sdf_flash_gui7command5testss_49classify_libredrive_possible_capital_enabled_word
FNDA:1,_RNvNtNtCscxe6y7LucFy_13sdf_flash_gui7command5testss_52confirmation_matches_trims_and_requires_flash_device
FNDA:1,_RNvNtNtCscxe6y7LucFy_13sdf_flash_gui7command5testss_57classify_libredrive_possible_not_yet_without_comma_phrase
FNF:90
FNH:90
DA:68,5
DA:69,5
DA:70,5
DA:73,5
DA:74,5
DA:75,5
DA:126,62
DA:127,62
DA:128,62
DA:131,46
DA:132,46
DA:133,46
DA:136,21
DA:137,21
DA:138,21
DA:140,32
DA:141,32
DA:142,32
DA:143,2
DA:144,30
DA:146,30
DA:147,30
DA:148,1
DA:149,29
DA:151,29
DA:152,1
DA:153,28
DA:155,28
DA:156,8
DA:158,20
DA:162,28
DA:163,20
DA:164,1
DA:165,1
DA:166,1
DA:167,19
DA:168,8
DA:170,27
DA:174,27
DA:175,27
DA:176,2
DA:177,25
DA:179,27
DA:180,8
DA:181,8
DA:182,8
DA:183,1
DA:184,7
DA:185,7
DA:186,7
DA:187,7
DA:188,7
DA:189,7
DA:190,7
DA:191,7
DA:192,7
DA:195,12
DA:196,12
DA:197,12
DA:199,12
DA:200,12
DA:201,1
DA:202,11
DA:203,11
DA:204,1
DA:205,10
DA:206,10
DA:207,10
DA:208,10
DA:209,10
DA:210,10
DA:211,10
DA:212,10
DA:213,1
DA:214,9
DA:215,1
DA:216,8
DA:217,10
DA:220,7
DA:221,7
DA:223,7
DA:224,7
DA:225,1
DA:226,6
DA:227,6
DA:228,4
DA:229,4
DA:230,4
DA:231,4
DA:232,4
DA:233,4
DA:234,4
DA:235,4
DA:236,4
DA:240,21
DA:241,21
DA:242,21
DA:243,21
DA:244,21
DA:245,21
DA:246,32
DA:248,24
DA:249,24
DA:250,24
DA:251,24
DA:252,24
DA:253,24
DA:254,24
DA:255,24
DA:257,23
DA:258,23
DA:259,23
DA:260,23
DA:261,23
DA:262,23
DA:263,23
DA:264,23
DA:266,74
DA:267,74
DA:268,70
DA:269,4
DA:271,74
DA:273,9
DA:274,9
DA:275,9
DA:276,9
DA:277,2
DA:278,7
DA:279,7
DA:280,7
DA:281,6
DA:282,5
DA:283,9
DA:285,12
DA:286,12
DA:287,1
DA:288,11
DA:289,11
DA:290,2
DA:291,9
DA:292,9
DA:293,12
DA:296,25
DA:297,25
DA:298,25
DA:299,41
DA:300,25
DA:301,11
DA:302,11
DA:303,20
DA:304,25
DA:305,25
DA:306,65
DA:307,25
DA:308,25
DA:309,25
DA:310,25
DA:311,5
DA:313,25
DA:314,25
DA:315,25
DA:316,50
DA:317,25
DA:319,25
DA:320,25
DA:321,25
DA:322,25
DA:323,25
DA:324,25
DA:325,25
DA:326,25
DA:327,25
DA:328,25
DA:334,38
DA:336,85
DA:337,85
DA:338,85
DA:341,85
DA:342,7
DA:343,7
DA:344,7
DA:345,1
DA:346,6
DA:348,6
DA:349,3
DA:350,3
DA:351,3
DA:352,2
DA:353,1
DA:354,1
DA:355,78
DA:359,78
DA:360,1
DA:361,77
DA:362,77
DA:363,75
DA:364,1
DA:365,1
DA:367,3
DA:368,74
DA:369,74
DA:370,1
DA:371,73
DA:374,63
DA:375,63
DA:376,63
DA:377,63
DA:378,27
DA:379,2
DA:380,25
DA:381,25
DA:382,25
DA:383,57
DA:384,25
DA:385,25
DA:388,1
DA:389,24
DA:390,24
DA:391,2
DA:392,22
DA:393,22
DA:394,38
DA:396,10
DA:397,10
DA:398,10
DA:399,10
DA:401,48
DA:402,189
DA:403,189
DA:404,5
DA:406,184
DA:408,189
DA:409,48
DA:415,19
DA:416,19
DA:417,19
DA:418,19
DA:419,19
DA:420,19
DA:421,19
DA:422,19
DA:423,19
DA:424,19
DA:425,19
DA:428,1
DA:429,1
DA:430,1
DA:431,1
DA:432,1
DA:433,1
DA:434,1
DA:435,1
DA:436,1
DA:440,1
DA:443,1
DA:444,1
DA:445,1
DA:446,1
DA:447,1
DA:448,1
DA:449,1
DA:450,1
DA:454,1
DA:457,1
DA:458,1
DA:459,1
DA:460,1
DA:461,1
DA:462,1
DA:463,1
DA:464,1
DA:465,1
DA:469,1
DA:472,1
DA:473,1
DA:474,1
DA:475,1
DA:476,1
DA:477,1
DA:478,1
DA:479,1
DA:480,1
DA:493,1
DA:496,1
DA:497,1
DA:498,1
DA:499,1
DA:500,1
DA:501,1
DA:502,1
DA:503,1
DA:504,1
DA:505,1
DA:519,1
DA:522,1
DA:523,1
DA:524,1
DA:525,1
DA:526,1
DA:527,1
DA:528,1
DA:529,1
DA:533,1
DA:536,1
DA:537,1
DA:538,1
DA:539,1
DA:540,1
DA:541,1
DA:542,1
DA:543,1
DA:544,1
DA:547,1
DA:550,1
DA:551,1
DA:552,1
DA:553,1
DA:554,1
DA:556,1
DA:557,1
DA:558,1
DA:561,1
DA:562,1
DA:563,1
DA:564,1
DA:565,1
DA:566,1
DA:567,1
DA:568,1
DA:569,1
DA:573,1
DA:576,1
DA:577,1
DA:578,1
DA:579,1
DA:580,1
DA:581,1
DA:582,1
DA:583,1
DA:587,1
DA:590,1
DA:591,1
DA:592,1
DA:593,1
DA:594,1
DA:595,1
DA:596,1
DA:608,1
DA:611,1
DA:612,1
DA:613,1
DA:614,1
DA:615,1
DA:616,1
DA:617,1
DA:618,1
DA:621,1
DA:622,1
DA:623,1
DA:624,1
DA:625,1
DA:626,1
DA:627,1
DA:628,1
DA:631,1
DA:632,1
DA:633,1
DA:634,1
DA:635,1
DA:636,1
DA:637,1
DA:638,1
DA:641,1
DA:642,1
DA:643,1
DA:644,1
DA:645,1
DA:646,1
DA:647,1
DA:648,1
DA:651,1
DA:652,1
DA:653,1
DA:654,1
DA:655,1
DA:656,1
DA:657,1
DA:658,1
DA:659,1
DA:662,1
DA:663,1
DA:664,1
DA:665,1
DA:666,1
DA:667,1
DA:668,1
DA:669,1
DA:670,1
DA:673,1
DA:676,1
DA:677,1
DA:678,1
DA:679,1
DA:680,1
DA:681,1
DA:682,1
DA:685,1
DA:686,1
DA:687,1
DA:688,1
DA:689,1
DA:690,1
DA:693,1
DA:694,1
DA:695,1
DA:696,1
DA:699,1
DA:702,1
DA:703,1
DA:704,1
DA:705,1
DA:706,1
DA:709,1
DA:710,1
DA:711,1
DA:712,1
DA:715,1
DA:716,1
DA:717,1
DA:718,1
DA:721,1
DA:722,1
DA:723,1
DA:724,1
DA:725,1
DA:726,1
DA:727,1
DA:728,1
DA:731,1
DA:732,1
DA:733,1
DA:734,1
DA:735,1
DA:738,1
DA:739,1
DA:740,1
DA:741,1
DA:742,1
DA:743,1
DA:746,1
DA:747,1
DA:748,1
DA:749,1
DA:750,1
DA:751,1
DA:752,1
DA:755,1
DA:756,1
DA:757,1
DA:758,1
DA:759,1
DA:760,1
DA:761,1
DA:762,1
DA:765,1
DA:766,1
DA:767,1
DA:768,1
DA:769,1
DA:770,1
DA:771,1
DA:774,1
DA:775,1
DA:776,1
DA:777,1
DA:778,1
DA:779,1
DA:782,1
DA:783,1
DA:784,1
DA:785,1
DA:786,1
DA:787,1
DA:790,1
DA:791,1
DA:792,1
DA:793,1
DA:794,1
DA:796,1
DA:797,1
DA:798,1
DA:799,1
DA:800,1
DA:803,1
DA:804,1
DA:805,1
DA:806,1
DA:807,1
DA:808,1
DA:811,1
DA:812,1
DA:813,1
DA:815,1
DA:816,1
DA:817,1
DA:820,1
DA:821,1
DA:822,1
DA:823,1
DA:824,1
DA:825,1
DA:826,1
DA:827,1
DA:828,1
DA:829,1
DA:830,1
DA:831,1
DA:832,1
DA:833,1
DA:834,1
DA:837,1
DA:839,1
DA:840,1
DA:841,1
DA:842,1
DA:843,1
DA:844,1
DA:845,1
DA:848,1
DA:849,1
DA:852,1
DA:854,1
DA:855,1
DA:858,1
DA:861,1
DA:863,1
DA:864,1
DA:867,1
DA:870,1
DA:871,1
DA:872,1
DA:875,1
DA:878,1
DA:879,1
DA:880,1
DA:883,1
DA:886,1
DA:889,1
DA:890,1
DA:893,1
DA:896,1
DA:897,1
DA:898,1
DA:899,1
DA:902,1
DA:905,1
DA:906,1
DA:907,1
DA:908,1
DA:911,1
DA:914,1
DA:915,1
DA:916,1
DA:917,1
DA:920,1
DA:923,1
DA:924,1
DA:925,1
DA:926,1
DA:929,1
DA:932,1
DA:933,1
DA:934,1
DA:935,1
DA:936,1
DA:937,1
DA:938,1
DA:941,1
DA:944,1
DA:945,1
DA:946,1
DA:947,1
DA:950,1
DA:953,1
DA:954,1
DA:955,1
DA:956,1
DA:957,1
DA:960,1
DA:961,1
DA:962,1
DA:963,1
DA:964,1
DA:967,1
DA:968,1
DA:969,1
DA:972,1
DA:973,1
DA:974,1
DA:975,1
DA:976,1
DA:977,1
DA:980,1
DA:981,1
DA:982,1
DA:983,1
DA:984,1
DA:985,1
DA:988,1
DA:989,1
DA:990,1
DA:991,1
DA:992,1
DA:993,1
DA:994,1
DA:995,1
DA:996,1
DA:997,1
DA:998,1
DA:999,1
DA:1000,1
DA:1001,1
DA:1002,1
DA:1003,1
DA:1004,1
DA:1007,1
DA:1008,1
DA:1010,1
DA:1011,1
DA:1012,1
DA:1015,1
DA:1018,1
DA:1019,1
DA:1021,1
DA:1022,1
DA:1023,1
DA:1026,1
DA:1029,1
DA:1030,1
DA:1031,1
DA:1032,1
DA:1033,1
DA:1036,1
DA:1037,1
DA:1038,1
DA:1039,1
DA:1040,1
DA:1041,1
DA:1042,1
DA:1045,1
DA:1046,1
DA:1047,1
DA:1048,1
DA:1049,1
DA:1050,1
DA:1051,1
DA:1054,1
DA:1055,1
DA:1057,1
DA:1058,1
DA:1059,1
DA:1060,1
DA:1063,1
DA:1064,1
DA:1065,1
DA:1066,1
DA:1067,1
DA:1070,1
DA:1071,1
DA:1072,1
DA:1073,1
DA:1074,1
DA:1075,1
DA:1076,1
DA:1079,1
DA:1080,1
DA:1081,1
DA:1084,1
DA:1085,1
DA:1086,1
DA:1089,1
DA:1092,1
DA:1093,1
DA:1094,1
DA:1095,1
DA:1096,1
DA:1097,1
DA:1098,1
DA:1099,1
BRF:0
BRH:0
LF:699
LH:699
end_of_record
SF:/Users/david/Development/sdf-flash-gui/src/firmware_db.rs
FN:236,_RNvNtCs3Wy3tfohZJx_13sdf_flash_gui11firmware_db13extract_model
FN:326,_RNvNtCs3Wy3tfohZJx_13sdf_flash_gui11firmware_db13resolve_model
FN:204,_RNvNtCs3Wy3tfohZJx_13sdf_flash_gui11firmware_db16extract_pcb_type
FN:283,_RNvNtCs3Wy3tfohZJx_13sdf_flash_gui11firmware_db17identify_firmware
FN:224,_RNvNtCs3Wy3tfohZJx_13sdf_flash_gui11firmware_db18pcb_to_form_factor
FN:296,_RNvNtCs3Wy3tfohZJx_13sdf_flash_gui11firmware_db19resolve_form_factor
FN:267,_RNvNtCs3Wy3tfohZJx_13sdf_flash_gui11firmware_db21lookup_known_firmware
FN:334,_RNvNtCs3Wy3tfohZJx_13sdf_flash_gui11firmware_db22resolve_model_with_sdf
FN:252,_RNvNtCs3Wy3tfohZJx_13sdf_flash_gui11firmware_db23analyze_firmware_binary
FN:308,_RNvNtCs3Wy3tfohZJx_13sdf_flash_gui11firmware_db28resolve_form_factor_with_sdf
FN:243,_RNCNvNtCs3Wy3tfohZJx_13sdf_flash_gui11firmware_db13extract_model0B5_
FN:268,_RNCNvNtCs3Wy3tfohZJx_13sdf_flash_gui11firmware_db21lookup_known_firmware0B5_
FN:342,_RNCNvNtCs3Wy3tfohZJx_13sdf_flash_gui11firmware_db22resolve_model_with_sdf0B5_
FN:396,_RNvNtNtCscxe6y7LucFy_13sdf_flash_gui11firmware_db5testss_21extract_pcb_type_slim
FN:699,_RNvNtNtCscxe6y7LucFy_13sdf_flash_gui11firmware_db5testss_21resolve_model_no_info
FN:480,_RNvNtNtCscxe6y7LucFy_13sdf_flash_gui11firmware_db5testss_23extract_model_not_found
FN:386,_RNvNtNtCscxe6y7LucFy_13sdf_flash_gui11firmware_db5testss_24extract_pcb_type_desktop
FN:471,_RNvNtNtCscxe6y7LucFy_13sdf_flash_gui11firmware_db5testss_25extract_model_finds_bu40n
FN:405,_RNvNtNtCscxe6y7LucFy_13sdf_flash_gui11firmware_db5testss_26extract_pcb_type_slim_bup3
FN:457,_RNvNtNtCscxe6y7LucFy_13sdf_flash_gui11firmware_db5testss_26pcb_to_form_factor_unknown
FN:524,_RNvNtNtCscxe6y7LucFy_13sdf_flash_gui11firmware_db5testss_28analyze_firmware_binary_slim
FN:462,_RNvNtNtCscxe6y7LucFy_13sdf_flash_gui11firmware_db5testss_28extract_model_finds_bw16d1ht
FN:685,_RNvNtNtCscxe6y7LucFy_13sdf_flash_gui11firmware_db5testss_29resolve_model_binary_fallback
FN:781,_RNvNtNtCscxe6y7LucFy_13sdf_flash_gui11firmware_db5testss_30resolve_model_with_sdf_no_info
FN:511,_RNvNtNtCscxe6y7LucFy_13sdf_flash_gui11firmware_db5testss_31analyze_firmware_binary_desktop
FN:414,_RNvNtNtCscxe6y7LucFy_13sdf_flash_gui11firmware_db5testss_31extract_pcb_type_data_too_short
FN:437,_RNvNtNtCscxe6y7LucFy_13sdf_flash_gui11firmware_db5testss_31extract_pcb_type_no_boot_string
FN:606,_RNvNtNtCscxe6y7LucFy_13sdf_flash_gui11firmware_db5testss_32identify_firmware_unknown_binary
FN:356,_RNvNtNtCscxe6y7LucFy_13sdf_flash_gui11firmware_db5testss_32known_firmware_hashes_are_unique
FN:449,_RNvNtNtCscxe6y7LucFy_13sdf_flash_gui11firmware_db5testss_32pcb_to_form_factor_bu_bp_is_slim
FN:443,_RNvNtNtCscxe6y7LucFy_13sdf_flash_gui11firmware_db5testss_32pcb_to_form_factor_jb_is_desktop
FN:615,_RNvNtNtCscxe6y7LucFy_13sdf_flash_gui11firmware_db5testss_33extract_pcb_type_empty_after_trim
FN:365,_RNvNtNtCscxe6y7LucFy_13sdf_flash_gui11firmware_db5testss_33lookup_known_firmware_finds_match
FN:537,_RNvNtNtCscxe6y7LucFy_13sdf_flash_gui11firmware_db5testss_34analyze_firmware_binary_empty_data
FN:378,_RNvNtNtCscxe6y7LucFy_13sdf_flash_gui11firmware_db5testss_34lookup_known_firmware_unknown_hash
FN:590,_RNvNtNtCscxe6y7LucFy_13sdf_flash_gui11firmware_db5testss_34resolve_model_known_takes_priority
FN:350,_RNvNtNtCscxe6y7LucFy_13sdf_flash_gui11firmware_db5testss_35known_firmware_database_has_entries
FN:759,_RNvNtNtCscxe6y7LucFy_13sdf_flash_gui11firmware_db5testss_35resolve_model_with_sdf_sdf_fallback
FN:795,_RNvNtNtCscxe6y7LucFy_13sdf_flash_gui11firmware_db5testss_35resolve_model_with_sdf_sdf_no_model
FN:624,_RNvNtNtCscxe6y7LucFy_13sdf_flash_gui11firmware_db5testss_37resolve_form_factor_with_sdf_fallback
FN:646,_RNvNtNtCscxe6y7LucFy_13sdf_flash_gui11firmware_db5testss_37resolve_form_factor_with_sdf_no_model
FN:486,_RNvNtNtCscxe6y7LucFy_13sdf_flash_gui11firmware_db5testss_38extract_model_works_on_non_utf8_binary
FN:420,_RNvNtNtCscxe6y7LucFy_13sdf_flash_gui11firmware_db5testss_38extract_pcb_type_boundary_length_12307
FN:428,_RNvNtNtCscxe6y7LucFy_13sdf_flash_gui11firmware_db5testss_38extract_pcb_type_boundary_length_12308
FN:668,_RNvNtNtCscxe6y7LucFy_13sdf_flash_gui11firmware_db5testss_38resolve_form_factor_with_sdf_none_info
FN:737,_RNvNtNtCscxe6y7LucFy_13sdf_flash_gui11firmware_db5testss_38resolve_model_with_sdf_binary_fallback
FN:562,_RNvNtNtCscxe6y7LucFy_13sdf_flash_gui11firmware_db5testss_40resolve_form_factor_falls_back_to_binary
FN:545,_RNvNtNtCscxe6y7LucFy_13sdf_flash_gui11firmware_db5testss_40resolve_form_factor_known_takes_priority
FN:576,_RNvNtNtCscxe6y7LucFy_13sdf_flash_gui11firmware_db5testss_40resolve_form_factor_unknown_when_no_info
FN:497,_RNvNtNtCscxe6y7LucFy_13sdf_flash_gui11firmware_db5testss_42extract_model_works_with_mixed_binary_data
FN:713,_RNvNtNtCscxe6y7LucFy_13sdf_flash_gui11firmware_db5testss_43resolve_model_with_sdf_known_takes_priority
FN:236,_RNvNtCscxe6y7LucFy_13sdf_flash_gui11firmware_db13extract_model
FN:326,_RNvNtCscxe6y7LucFy_13sdf_flash_gui11firmware_db13resolve_model
FN:204,_RNvNtCscxe6y7LucFy_13sdf_flash_gui11firmware_db16extract_pcb_type
FN:283,_RNvNtCscxe6y7LucFy_13sdf_flash_gui11firmware_db17identify_firmware
FN:224,_RNvNtCscxe6y7LucFy_13sdf_flash_gui11firmware_db18pcb_to_form_factor
FN:296,_RNvNtCscxe6y7LucFy_13sdf_flash_gui11firmware_db19resolve_form_factor
FN:267,_RNvNtCscxe6y7LucFy_13sdf_flash_gui11firmware_db21lookup_known_firmware
FN:334,_RNvNtCscxe6y7LucFy_13sdf_flash_gui11firmware_db22resolve_model_with_sdf
FN:252,_RNvNtCscxe6y7LucFy_13sdf_flash_gui11firmware_db23analyze_firmware_binary
FN:308,_RNvNtCscxe6y7LucFy_13sdf_flash_gui11firmware_db28resolve_form_factor_with_sdf
FN:243,_RNCNvNtCscxe6y7LucFy_13sdf_flash_gui11firmware_db13extract_model0B5_
FN:268,_RNCNvNtCscxe6y7LucFy_13sdf_flash_gui11firmware_db21lookup_known_firmware0B5_
FN:342,_RNCNvNtCscxe6y7LucFy_13sdf_flash_gui11firmware_db22resolve_model_with_sdf0B5_
FNDA:0,_RNvNtCs3Wy3tfohZJx_13sdf_flash_gui11firmware_db13extract_model
FNDA:0,_RNvNtCs3Wy3tfohZJx_13sdf_flash_gui11firmware_db13resolve_model
FNDA:0,_RNvNtCs3Wy3tfohZJx_13sdf_flash_gui11firmware_db16extract_pcb_type
FNDA:0,_RNvNtCs3Wy3tfohZJx_13sdf_flash_gui11firmware_db17identify_firmware
FNDA:0,_RNvNtCs3Wy3tfohZJx_13sdf_flash_gui11firmware_db18pcb_to_form_factor
FNDA:0,_RNvNtCs3Wy3tfohZJx_13sdf_flash_gui11firmware_db19resolve_form_factor
FNDA:0,_RNvNtCs3Wy3tfohZJx_13sdf_flash_gui11firmware_db21lookup_known_firmware
FNDA:0,_RNvNtCs3Wy3tfohZJx_13sdf_flash_gui11firmware_db22resolve_model_with_sdf
FNDA:0,_RNvNtCs3Wy3tfohZJx_13sdf_flash_gui11firmware_db23analyze_firmware_binary
FNDA:0,_RNvNtCs3Wy3tfohZJx_13sdf_flash_gui11firmware_db28resolve_form_factor_with_sdf
FNDA:0,_RNCNvNtCs3Wy3tfohZJx_13sdf_flash_gui11firmware_db13extract_model0B5_
FNDA:0,_RNCNvNtCs3Wy3tfohZJx_13sdf_flash_gui11firmware_db21lookup_known_firmware0B5_
FNDA:0,_RNCNvNtCs3Wy3tfohZJx_13sdf_flash_gui11firmware_db22resolve_model_with_sdf0B5_
FNDA:1,_RNvNtNtCscxe6y7LucFy_13sdf_flash_gui11firmware_db5testss_21extract_pcb_type_slim
FNDA:1,_RNvNtNtCscxe6y7LucFy_13sdf_flash_gui11firmware_db5testss_21resolve_model_no_info
FNDA:1,_RNvNtNtCscxe6y7LucFy_13sdf_flash_gui11firmware_db5testss_23extract_model_not_found
FNDA:1,_RNvNtNtCscxe6y7LucFy_13sdf_flash_gui11firmware_db5testss_24extract_pcb_type_desktop
FNDA:1,_RNvNtNtCscxe6y7LucFy_13sdf_flash_gui11firmware_db5testss_25extract_model_finds_bu40n
FNDA:1,_RNvNtNtCscxe6y7LucFy_13sdf_flash_gui11firmware_db5testss_26extract_pcb_type_slim_bup3
FNDA:1,_RNvNtNtCscxe6y7LucFy_13sdf_flash_gui11firmware_db5testss_26pcb_to_form_factor_unknown
FNDA:1,_RNvNtNtCscxe6y7LucFy_13sdf_flash_gui11firmware_db5testss_28analyze_firmware_binary_slim
FNDA:1,_RNvNtNtCscxe6y7LucFy_13sdf_flash_gui11firmware_db5testss_28extract_model_finds_bw16d1ht
FNDA:1,_RNvNtNtCscxe6y7LucFy_13sdf_flash_gui11firmware_db5testss_29resolve_model_binary_fallback
FNDA:1,_RNvNtNtCscxe6y7LucFy_13sdf_flash_gui11firmware_db5testss_30resolve_model_with_sdf_no_info
FNDA:1,_RNvNtNtCscxe6y7LucFy_13sdf_flash_gui11firmware_db5testss_31analyze_firmware_binary_desktop
FNDA:1,_RNvNtNtCscxe6y7LucFy_13sdf_flash_gui11firmware_db5testss_31extract_pcb_type_data_too_short
FNDA:1,_RNvNtNtCscxe6y7LucFy_13sdf_flash_gui11firmware_db5testss_31extract_pcb_type_no_boot_string
FNDA:1,_RNvNtNtCscxe6y7LucFy_13sdf_flash_gui11firmware_db5testss_32identify_firmware_unknown_binary
FNDA:1,_RNvNtNtCscxe6y7LucFy_13sdf_flash_gui11firmware_db5testss_32known_firmware_hashes_are_unique
FNDA:1,_RNvNtNtCscxe6y7LucFy_13sdf_flash_gui11firmware_db5testss_32pcb_to_form_factor_bu_bp_is_slim
FNDA:1,_RNvNtNtCscxe6y7LucFy_13sdf_flash_gui11firmware_db5testss_32pcb_to_form_factor_jb_is_desktop
FNDA:1,_RNvNtNtCscxe6y7LucFy_13sdf_flash_gui11firmware_db5testss_33extract_pcb_type_empty_after_trim
FNDA:1,_RNvNtNtCscxe6y7LucFy_13sdf_flash_gui11firmware_db5testss_33lookup_known_firmware_finds_match
FNDA:1,_RNvNtNtCscxe6y7LucFy_13sdf_flash_gui11firmware_db5testss_34analyze_firmware_binary_empty_data
FNDA:1,_RNvNtNtCscxe6y7LucFy_13sdf_flash_gui11firmware_db5testss_34lookup_known_firmware_unknown_hash
FNDA:1,_RNvNtNtCscxe6y7LucFy_13sdf_flash_gui11firmware_db5testss_34resolve_model_known_takes_priority
FNDA:1,_RNvNtNtCscxe6y7LucFy_13sdf_flash_gui11firmware_db5testss_35known_firmware_database_has_entries
FNDA:1,_RNvNtNtCscxe6y7LucFy_13sdf_flash_gui11firmware_db5testss_35resolve_model_with_sdf_sdf_fallback
FNDA:1,_RNvNtNtCscxe6y7LucFy_13sdf_flash_gui11firmware_db5testss_35resolve_model_with_sdf_sdf_no_model
FNDA:1,_RNvNtNtCscxe6y7LucFy_13sdf_flash_gui11firmware_db5testss_37resolve_form_factor_with_sdf_fallback
FNDA:1,_RNvNtNtCscxe6y7LucFy_13sdf_flash_gui11firmware_db5testss_37resolve_form_factor_with_sdf_no_model
FNDA:1,_RNvNtNtCscxe6y7LucFy_13sdf_flash_gui11firmware_db5testss_38extract_model_works_on_non_utf8_binary
FNDA:1,_RNvNtNtCscxe6y7LucFy_13sdf_flash_gui11firmware_db5testss_38extract_pcb_type_boundary_length_12307
FNDA:1,_RNvNtNtCscxe6y7LucFy_13sdf_flash_gui11firmware_db5testss_38extract_pcb_type_boundary_length_12308
FNDA:1,_RNvNtNtCscxe6y7LucFy_13sdf_flash_gui11firmware_db5testss_38resolve_form_factor_with_sdf_none_info
FNDA:1,_RNvNtNtCscxe6y7LucFy_13sdf_flash_gui11firmware_db5testss_38resolve_model_with_sdf_binary_fallback
FNDA:1,_RNvNtNtCscxe6y7LucFy_13sdf_flash_gui11firmware_db5testss_40resolve_form_factor_falls_back_to_binary
FNDA:1,_RNvNtNtCscxe6y7LucFy_13sdf_flash_gui11firmware_db5testss_40resolve_form_factor_known_takes_priority
FNDA:1,_RNvNtNtCscxe6y7LucFy_13sdf_flash_gui11firmware_db5testss_40resolve_form_factor_unknown_when_no_info
FNDA:1,_RNvNtNtCscxe6y7LucFy_13sdf_flash_gui11firmware_db5testss_42extract_model_works_with_mixed_binary_data
FNDA:1,_RNvNtNtCscxe6y7LucFy_13sdf_flash_gui11firmware_db5testss_43resolve_model_with_sdf_known_takes_priority
FNDA:18,_RNvNtCscxe6y7LucFy_13sdf_flash_gui11firmware_db13extract_model
FNDA:8,_RNvNtCscxe6y7LucFy_13sdf_flash_gui11firmware_db13resolve_model
FNDA:21,_RNvNtCscxe6y7LucFy_13sdf_flash_gui11firmware_db16extract_pcb_type
FNDA:10,_RNvNtCscxe6y7LucFy_13sdf_flash_gui11firmware_db17identify_firmware
FNDA:11,_RNvNtCscxe6y7LucFy_13sdf_flash_gui11firmware_db18pcb_to_form_factor
FNDA:15,_RNvNtCscxe6y7LucFy_13sdf_flash_gui11firmware_db19resolve_form_factor
FNDA:15,_RNvNtCscxe6y7LucFy_13sdf_flash_gui11firmware_db21lookup_known_firmware
FNDA:5,_RNvNtCscxe6y7LucFy_13sdf_flash_gui11firmware_db22resolve_model_with_sdf
FNDA:13,_RNvNtCscxe6y7LucFy_13sdf_flash_gui11firmware_db23analyze_firmware_binary
FNDA:12,_RNvNtCscxe6y7LucFy_13sdf_flash_gui11firmware_db28resolve_form_factor_with_sdf
FNDA:5337071,_RNCNvNtCscxe6y7LucFy_13sdf_flash_gui11firmware_db13extract_model0B5_
FNDA:206,_RNCNvNtCscxe6y7LucFy_13sdf_flash_gui11firmware_db21lookup_known_firmware0B5_
FNDA:2,_RNCNvNtCscxe6y7LucFy_13sdf_flash_gui11firmware_db22resolve_model_with_sdf0B5_
FNF:51
FNH:51
DA:204,21
DA:207,21
DA:208,11
DA:209,10
DA:210,10
DA:211,10
DA:212,10
DA:213,1
DA:214,9
DA:215,9
DA:216,9
DA:217,1
DA:218,8
DA:219,8
DA:220,21
DA:224,11
DA:225,11
DA:226,4
DA:227,7
DA:228,6
DA:230,1
DA:232,11
DA:236,18
DA:238,18
DA:239,385
DA:240,385
DA:241,385
DA:242,385
DA:243,5337071
DA:245,10
DA:246,375
DA:248,8
DA:249,18
DA:252,13
DA:253,13
DA:254,13
DA:255,13
DA:256,13
DA:257,13
DA:258,13
DA:259,13
DA:260,13
DA:261,13
DA:262,13
DA:263,13
DA:264,13
DA:267,15
DA:268,206
DA:269,15
DA:283,10
DA:284,10
DA:285,10
DA:286,10
DA:287,10
DA:288,10
DA:289,10
DA:290,10
DA:291,10
DA:292,10
DA:296,15
DA:297,15
DA:298,1
DA:299,14
DA:300,14
DA:301,3
DA:302,11
DA:303,11
DA:304,15
DA:308,12
DA:309,12
DA:310,12
DA:311,12
DA:312,12
DA:313,12
DA:314,2
DA:315,10
DA:316,10
DA:317,4
DA:318,3
DA:319,1
DA:320,6
DA:321,7
DA:322,12
DA:326,8
DA:327,8
DA:328,2
DA:329,6
DA:330,6
DA:331,8
DA:334,5
DA:335,5
DA:336,5
DA:337,5
DA:338,5
DA:339,5
DA:340,2
DA:341,3
DA:342,3
DA:343,5
DA:350,1
DA:351,1
DA:352,1
DA:353,1
DA:356,1
DA:357,1
DA:358,1
DA:359,1
DA:360,1
DA:361,1
DA:362,1
DA:365,1
DA:366,1
DA:367,1
DA:369,1
DA:370,1
DA:371,1
DA:372,1
DA:373,1
DA:374,1
DA:375,1
DA:378,1
DA:379,1
DA:380,1
DA:382,1
DA:383,1
DA:386,1
DA:388,1
DA:389,1
DA:390,1
DA:391,1
DA:392,1
DA:393,1
DA:396,1
DA:397,1
DA:398,1
DA:399,1
DA:400,1
DA:401,1
DA:402,1
DA:405,1
DA:406,1
DA:407,1
DA:408,1
DA:409,1
DA:410,1
DA:411,1
DA:414,1
DA:415,1
DA:416,1
DA:417,1
DA:420,1
DA:423,1
DA:424,1
DA:425,1
DA:428,1
DA:430,1
DA:431,1
DA:432,1
DA:433,1
DA:434,1
DA:437,1
DA:438,1
DA:439,1
DA:440,1
DA:443,1
DA:444,1
DA:445,1
DA:446,1
DA:449,1
DA:450,1
DA:451,1
DA:452,1
DA:453,1
DA:454,1
DA:457,1
DA:458,1
DA:459,1
DA:462,1
DA:463,1
DA:464,1
DA:465,1
DA:466,1
DA:467,1
DA:468,1
DA:471,1
DA:472,1
DA:473,1
DA:474,1
DA:475,1
DA:476,1
DA:477,1
DA:480,1
DA:481,1
DA:482,1
DA:483,1
DA:486,1
DA:489,1
DA:490,1
DA:491,1
DA:492,1
DA:493,1
DA:494,1
DA:497,1
DA:499,1
DA:501,30000
DA:502,30000
DA:503,30000
DA:504,1
DA:505,1
DA:506,1
DA:507,1
DA:508,1
DA:511,1
DA:512,1
DA:513,1
DA:514,1
DA:515,1
DA:516,1
DA:517,1
DA:518,1
DA:519,1
DA:520,1
DA:521,1
DA:524,1
DA:525,1
DA:526,1
DA:527,1
DA:528,1
DA:529,1
DA:530,1
DA:531,1
DA:532,1
DA:533,1
DA:534,1
DA:537,1
DA:538,1
DA:539,1
DA:540,1
DA:541,1
DA:542,1
DA:545,1
DA:546,1
DA:547,1
DA:548,1
DA:549,1
DA:550,1
DA:551,1
DA:552,1
DA:553,1
DA:554,1
DA:555,1
DA:556,1
DA:558,1
DA:559,1
DA:562,1
DA:563,1
DA:564,1
DA:565,1
DA:566,1
DA:567,1
DA:568,1
DA:569,1
DA:570,1
DA:571,1
DA:572,1
DA:573,1
DA:576,1
DA:577,1
DA:578,1
DA:579,1
DA:580,1
DA:581,1
DA:582,1
DA:583,1
DA:584,1
DA:585,1
DA:586,1
DA:587,1
DA:590,1
DA:591,1
DA:592,1
DA:593,1
DA:594,1
DA:595,1
DA:596,1
DA:597,1
DA:598,1
DA:599,1
DA:600,1
DA:601,1
DA:602,1
DA:603,1
DA:606,1
DA:607,1
DA:608,1
DA:609,1
DA:610,1
DA:611,1
DA:612,1
DA:615,1
DA:617,1
DA:618,1
DA:619,1
DA:620,1
DA:621,1
DA:624,1
DA:625,1
DA:626,1
DA:627,1
DA:628,1
DA:629,1
DA:630,1
DA:631,1
DA:632,1
DA:633,1
DA:634,1
DA:635,1
DA:636,1
DA:637,1
DA:638,1
DA:639,1
DA:640,1
DA:643,1
DA:646,1
DA:647,1
DA:648,1
DA:649,1
DA:650,1
DA:651,1
DA:652,1
DA:653,1
DA:654,1
DA:655,1
DA:656,1
DA:657,1
DA:658,1
DA:659,1
DA:660,1
DA:661,1
DA:662,1
DA:665,1
DA:668,1
DA:669,1
DA:670,1
DA:671,1
DA:672,1
DA:673,1
DA:674,1
DA:675,1
DA:676,1
DA:677,1
DA:678,1
DA:679,1
DA:682,1
DA:685,1
DA:686,1
DA:687,1
DA:688,1
DA:689,1
DA:690,1
DA:691,1
DA:692,1
DA:693,1
DA:694,1
DA:695,1
DA:696,1
DA:699,1
DA:700,1
DA:701,1
DA:702,1
DA:703,1
DA:704,1
DA:705,1
DA:706,1
DA:707,1
DA:708,1
DA:709,1
DA:710,1
DA:713,1
DA:714,1
DA:715,1
DA:716,1
DA:717,1
DA:718,1
DA:719,1
DA:720,1
DA:721,1
DA:722,1
DA:723,1
DA:724,1
DA:725,1
DA:726,1
DA:727,1
DA:728,1
DA:729,1
DA:730,1
DA:731,1
DA:734,1
DA:737,1
DA:738,1
DA:739,1
DA:740,1
DA:741,1
DA:742,1
DA:743,1
DA:744,1
DA:745,1
DA:746,1
DA:747,1
DA:748,1
DA:749,1
DA:750,1
DA:751,1
DA:752,1
DA:753,1
DA:756,1
DA:759,1
DA:760,1
DA:761,1
DA:762,1
DA:763,1
DA:764,1
DA:765,1
DA:766,1
DA:767,1
DA:768,1
DA:769,1
DA:770,1
DA:771,1
DA:772,1
DA:773,1
DA:774,1
DA:775,1
DA:778,1
DA:781,1
DA:782,1
DA:783,1
DA:784,1
DA:785,1
DA:786,1
DA:787,1
DA:788,1
DA:789,1
DA:790,1
DA:791,1
DA:792,1
DA:795,1
DA:796,1
DA:797,1
DA:798,1
DA:799,1
DA:800,1
DA:801,1
DA:802,1
DA:803,1
DA:804,1
DA:805,1
DA:806,1
DA:807,1
DA:808,1
DA:809,1
DA:810,1
DA:811,1
BRF:0
BRH:0
LF:466
LH:466
end_of_record
SF:/Users/david/Development/sdf-flash-gui/src/flash.rs
FN:47,_RNCNvNtCs3Wy3tfohZJx_13sdf_flash_gui5flash16compare_versions0B5_
FN:48,_RNCNvNtCs3Wy3tfohZJx_13sdf_flash_gui5flash16compare_versionss_0B5_
FN:12,_RNvNtCs3Wy3tfohZJx_13sdf_flash_gui5flash10sha256_hex
FN:43,_RNvNtCs3Wy3tfohZJx_13sdf_flash_gui5flash16compare_versions
FN:33,_RNvNtCs3Wy3tfohZJx_13sdf_flash_gui5flash18check_firmware_sdf
FN:164,_RNvNtNtCscxe6y7LucFy_13sdf_flash_gui5flash5tests25build_sdf0_firmware_bytes
FN:85,_RNvNtNtCscxe6y7LucFy_13sdf_flash_gui5flash5testss_16sha256_hex_hello
FN:106,_RNvNtNtCscxe6y7LucFy_13sdf_flash_gui5flash5testss_21compare_versions_same
FN:75,_RNvNtNtCscxe6y7LucFy_13sdf_flash_gui5flash5testss_22sha256_hex_known_input
FN:94,_RNvNtNtCscxe6y7LucFy_13sdf_flash_gui5flash5testss_24compare_versions_upgrade
FN:100,_RNvNtNtCscxe6y7LucFy_13sdf_flash_gui5flash5testss_26compare_versions_downgrade
FN:146,_RNvNtNtCscxe6y7LucFy_13sdf_flash_gui5flash5testss_29check_firmware_sdf_valid_sdf0
FN:138,_RNvNtNtCscxe6y7LucFy_13sdf_flash_gui5flash5testss_31check_firmware_sdf_non_sdf_data
FN:119,_RNvNtNtCscxe6y7LucFy_13sdf_flash_gui5flash5testss_34compare_versions_different_lengths
FN:125,_RNvNtNtCscxe6y7LucFy_13sdf_flash_gui5flash5testss_37compare_versions_non_numeric_fallback
FN:187,_RNvNtNtCscxe6y7LucFy_13sdf_flash_gui5flash5testss_41check_firmware_sdf_padded_metadata_region
FN:132,_RNvNtNtCscxe6y7LucFy_13sdf_flash_gui5flash5testss_42compare_versions_mixed_numeric_non_numeric
FN:179,_RNvNtNtCscxe6y7LucFy_13sdf_flash_gui5flash5testss_44check_firmware_sdf_extracts_vendor_and_model
FN:112,_RNvNtNtCscxe6y7LucFy_13sdf_flash_gui5flash5testss_44compare_versions_same_numeric_different_text
FN:12,_RNvNtCscxe6y7LucFy_13sdf_flash_gui5flash10sha256_hex
FN:43,_RNvNtCscxe6y7LucFy_13sdf_flash_gui5flash16compare_versions
FN:33,_RNvNtCscxe6y7LucFy_13sdf_flash_gui5flash18check_firmware_sdf
FN:47,_RNCNvNtCscxe6y7LucFy_13sdf_flash_gui5flash16compare_versions0B5_
FN:48,_RNCNvNtCscxe6y7LucFy_13sdf_flash_gui5flash16compare_versionss_0B5_
FNDA:0,_RNCNvNtCs3Wy3tfohZJx_13sdf_flash_gui5flash16compare_versions0B5_
FNDA:0,_RNCNvNtCs3Wy3tfohZJx_13sdf_flash_gui5flash16compare_versionss_0B5_
FNDA:0,_RNvNtCs3Wy3tfohZJx_13sdf_flash_gui5flash10sha256_hex
FNDA:0,_RNvNtCs3Wy3tfohZJx_13sdf_flash_gui5flash16compare_versions
FNDA:0,_RNvNtCs3Wy3tfohZJx_13sdf_flash_gui5flash18check_firmware_sdf
FNDA:1,_RNvNtNtCscxe6y7LucFy_13sdf_flash_gui5flash5tests25build_sdf0_firmware_bytes
FNDA:1,_RNvNtNtCscxe6y7LucFy_13sdf_flash_gui5flash5testss_16sha256_hex_hello
FNDA:1,_RNvNtNtCscxe6y7LucFy_13sdf_flash_gui5flash5testss_21compare_versions_same
FNDA:1,_RNvNtNtCscxe6y7LucFy_13sdf_flash_gui5flash5testss_22sha256_hex_known_input
FNDA:1,_RNvNtNtCscxe6y7LucFy_13sdf_flash_gui5flash5testss_24compare_versions_upgrade
FNDA:1,_RNvNtNtCscxe6y7LucFy_13sdf_flash_gui5flash5testss_26compare_versions_downgrade
FNDA:1,_RNvNtNtCscxe6y7LucFy_13sdf_flash_gui5flash5testss_29check_firmware_sdf_valid_sdf0
FNDA:1,_RNvNtNtCscxe6y7LucFy_13sdf_flash_gui5flash5testss_31check_firmware_sdf_non_sdf_data
FNDA:1,_RNvNtNtCscxe6y7LucFy_13sdf_flash_gui5flash5testss_34compare_versions_different_lengths
FNDA:1,_RNvNtNtCscxe6y7LucFy_13sdf_flash_gui5flash5testss_37compare_versions_non_numeric_fallback
FNDA:1,_RNvNtNtCscxe6y7LucFy_13sdf_flash_gui5flash5testss_41check_firmware_sdf_padded_metadata_region
FNDA:1,_RNvNtNtCscxe6y7LucFy_13sdf_flash_gui5flash5testss_42compare_versions_mixed_numeric_non_numeric
FNDA:1,_RNvNtNtCscxe6y7LucFy_13sdf_flash_gui5flash5testss_44check_firmware_sdf_extracts_vendor_and_model
FNDA:1,_RNvNtNtCscxe6y7LucFy_13sdf_flash_gui5flash5testss_44compare_versions_same_numeric_different_text
FNDA:22,_RNvNtCscxe6y7LucFy_13sdf_flash_gui5flash10sha256_hex
FNDA:12,_RNvNtCscxe6y7LucFy_13sdf_flash_gui5flash16compare_versions
FNDA:13,_RNvNtCscxe6y7LucFy_13sdf_flash_gui5flash18check_firmware_sdf
FNDA:19,_RNCNvNtCscxe6y7LucFy_13sdf_flash_gui5flash16compare_versions0B5_
FNDA:18,_RNCNvNtCscxe6y7LucFy_13sdf_flash_gui5flash16compare_versionss_0B5_
FNF:19
FNH:19
DA:12,22
DA:13,22
DA:14,22
DA:15,704
DA:17,704
DA:19,22
DA:20,22
DA:33,13
DA:34,13
DA:35,13
DA:36,5
DA:37,5
DA:38,5
DA:39,5
DA:40,5
DA:41,13
DA:43,12
DA:44,12
DA:45,2
DA:46,10
DA:47,19
DA:48,18
DA:49,10
DA:50,7
DA:51,14
DA:52,14
DA:53,14
DA:54,14
DA:55,3
DA:56,3
DA:57,8
DA:60,1
DA:61,3
DA:63,3
DA:64,2
DA:66,1
DA:68,12
DA:75,1
DA:77,1
DA:78,1
DA:82,1
DA:85,1
DA:86,1
DA:87,1
DA:91,1
DA:94,1
DA:95,1
DA:96,1
DA:97,1
DA:100,1
DA:101,1
DA:102,1
DA:103,1
DA:106,1
DA:107,1
DA:108,1
DA:109,1
DA:112,1
DA:115,1
DA:116,1
DA:119,1
DA:120,1
DA:121,1
DA:122,1
DA:125,1
DA:127,1
DA:128,1
DA:129,1
DA:132,1
DA:134,1
DA:135,1
DA:138,1
DA:140,1
DA:141,1
DA:142,1
DA:143,1
DA:146,1
DA:148,1
DA:149,1
DA:150,1
DA:151,1
DA:152,1
DA:153,1
DA:154,1
DA:155,1
DA:156,1
DA:157,1
DA:159,1
DA:160,1
DA:161,1
DA:162,1
DA:164,1
DA:165,1
DA:166,1
DA:167,1
DA:168,1
DA:169,1
DA:170,1
DA:171,1
DA:172,1
DA:173,1
DA:174,1
DA:175,1
DA:176,1
DA:179,1
DA:180,1
DA:181,1
DA:182,1
DA:183,1
DA:184,1
DA:187,1
DA:188,1
DA:189,1
DA:190,1
DA:191,1
DA:192,1
DA:193,1
DA:194,1
DA:195,1
DA:196,1
DA:197,1
DA:198,1
DA:199,1
DA:201,1
DA:202,1
DA:203,1
DA:204,1
BRF:0
BRH:0
LF:129
LH:129
end_of_record
SF:/Users/david/Development/sdf-flash-gui/src/gui/ops.rs
FN:92,_RNvNtNtCs3Wy3tfohZJx_13sdf_flash_gui3gui3ops12request_stop
FN:501,_RNvNtNtCs3Wy3tfohZJx_13sdf_flash_gui3gui3ops13load_firmware
FN:326,_RNvNtNtCs3Wy3tfohZJx_13sdf_flash_gui3gui3ops14half_sine_bell
FN:480,_RNvNtNtCs3Wy3tfohZJx_13sdf_flash_gui3gui3ops14refresh_drives
FN:450,_RNvNtNtCs3Wy3tfohZJx_13sdf_flash_gui3gui3ops16apply_drive_list
FN:48,_RNvNtNtCs3Wy3tfohZJx_13sdf_flash_gui3gui3ops16prepare_app_exit
FN:57,_RNvNtNtCs3Wy3tfohZJx_13sdf_flash_gui3gui3ops16request_app_quit
FN:269,_RNvNtNtCs3Wy3tfohZJx_13sdf_flash_gui3gui3ops18backend_configured
FN:23,_RNvNtNtCs3Wy3tfohZJx_13sdf_flash_gui3gui3ops18begin_app_shutdown
FN:111,_RNvNtNtCs3Wy3tfohZJx_13sdf_flash_gui3gui3ops18confirm_force_kill
FN:130,_RNvNtNtCs3Wy3tfohZJx_13sdf_flash_gui3gui3ops18decline_force_kill
FN:36,_RNvNtNtCs3Wy3tfohZJx_13sdf_flash_gui3gui3ops21close_child_viewports
FN:103,_RNvNtNtCs3Wy3tfohZJx_13sdf_flash_gui3gui3ops21confirm_graceful_stop
FN:493,_RNvNtNtCs3Wy3tfohZJx_13sdf_flash_gui3gui3ops21firmware_picker_label
FN:298,_RNvNtNtCs3Wy3tfohZJx_13sdf_flash_gui3gui3ops21settings_nudge_active
FN:202,_RNvNtNtCs3Wy3tfohZJx_13sdf_flash_gui3gui3ops21start_disabled_reason
FN:79,_RNvNtNtCs3Wy3tfohZJx_13sdf_flash_gui3gui3ops23confirm_force_quit_exit
FN:306,_RNvNtNtCs3Wy3tfohZJx_13sdf_flash_gui3gui3ops24settings_nudge_highlight
FN:338,_RNvNtNtCs3Wy3tfohZJx_13sdf_flash_gui3gui3ops25on_operation_mode_changed
FN:293,_RNvNtNtCs3Wy3tfohZJx_13sdf_flash_gui3gui3ops27click_should_nudge_settings
FN:66,_RNvNtNtCs3Wy3tfohZJx_13sdf_flash_gui3gui3ops27on_viewport_close_requested
FN:141,_RNvNtNtCs3Wy3tfohZJx_13sdf_flash_gui3gui3ops33cross_flash_confirmation_required
FN:593,_RNvNtNtCs3Wy3tfohZJx_13sdf_flash_gui3gui3ops42extract_recovery_token_from_wrong_firmware
FN:152,_RNvNtNtCs3Wy3tfohZJx_13sdf_flash_gui3gui3ops9can_start
FN:354,_RINvNtNtCs3Wy3tfohZJx_13sdf_flash_gui3gui3ops13execute_startNtNtB4_11file_dialog12NativeDialogEB6_
FN:576,_RINvNtNtCs3Wy3tfohZJx_13sdf_flash_gui3gui3ops30prompt_recovery_wrong_firmwareNtNtB4_11file_dialog12NativeDialogEB6_
FN:547,_RNCNCNCNvNtNtCs3Wy3tfohZJx_13sdf_flash_gui3gui3ops13load_firmware0s0_00Bb_
FN:545,_RNCNCNvNtNtCs3Wy3tfohZJx_13sdf_flash_gui3gui3ops13load_firmware00B9_
FN:547,_RNCNCNvNtNtCs3Wy3tfohZJx_13sdf_flash_gui3gui3ops13load_firmware0s0_0B9_
FN:548,_RNCNCNvNtNtCs3Wy3tfohZJx_13sdf_flash_gui3gui3ops13load_firmware0s1_0B9_
FN:546,_RNCNCNvNtNtCs3Wy3tfohZJx_13sdf_flash_gui3gui3ops13load_firmware0s_0B9_
FN:543,_RNCNvNtNtCs3Wy3tfohZJx_13sdf_flash_gui3gui3ops13load_firmware0B7_
FN:560,_RNCNvNtNtCs3Wy3tfohZJx_13sdf_flash_gui3gui3ops13load_firmwares_0B7_
FN:454,_RNCNvNtNtCs3Wy3tfohZJx_13sdf_flash_gui3gui3ops16apply_drive_list0B7_
FN:465,_RNCNvNtNtCs3Wy3tfohZJx_13sdf_flash_gui3gui3ops16apply_drive_lists0_0B7_
FN:466,_RNCNvNtNtCs3Wy3tfohZJx_13sdf_flash_gui3gui3ops16apply_drive_lists1_0B7_
FN:457,_RNCNvNtNtCs3Wy3tfohZJx_13sdf_flash_gui3gui3ops16apply_drive_lists_0B7_
FN:496,_RNCNvNtNtCs3Wy3tfohZJx_13sdf_flash_gui3gui3ops21firmware_picker_label0B7_
FN:498,_RNCNvNtNtCs3Wy3tfohZJx_13sdf_flash_gui3gui3ops21firmware_picker_labels_0B7_
FN:299,_RNCNvNtNtCs3Wy3tfohZJx_13sdf_flash_gui3gui3ops21settings_nudge_active0B7_
FN:242,_RNCNvNtNtCs3Wy3tfohZJx_13sdf_flash_gui3gui3ops21start_disabled_reason0B7_
FN:258,_RNCNvNtNtCs3Wy3tfohZJx_13sdf_flash_gui3gui3ops21start_disabled_reasons_0B7_
FN:188,_RNCNvNtNtCs3Wy3tfohZJx_13sdf_flash_gui3gui3ops9can_start0B7_
FN:195,_RNCNvNtNtCs3Wy3tfohZJx_13sdf_flash_gui3gui3ops9can_starts_0B7_
FN:354,_RINvNtNtCscxe6y7LucFy_13sdf_flash_gui3gui3ops13execute_startNtNtB2_5tests10MockDialogEB6_
FN:576,_RINvNtNtCscxe6y7LucFy_13sdf_flash_gui3gui3ops30prompt_recovery_wrong_firmwareNtNtB2_5tests10MockDialogEB6_
FN:547,_RNCNCNCNvNtNtCscxe6y7LucFy_13sdf_flash_gui3gui3ops13load_firmware0s0_00Bb_
FN:545,_RNCNCNvNtNtCscxe6y7LucFy_13sdf_flash_gui3gui3ops13load_firmware00B9_
FN:547,_RNCNCNvNtNtCscxe6y7LucFy_13sdf_flash_gui3gui3ops13load_firmware0s0_0B9_
FN:548,_RNCNCNvNtNtCscxe6y7LucFy_13sdf_flash_gui3gui3ops13load_firmware0s1_0B9_
FN:546,_RNCNCNvNtNtCscxe6y7LucFy_13sdf_flash_gui3gui3ops13load_firmware0s_0B9_
FN:543,_RNCNvNtNtCscxe6y7LucFy_13sdf_flash_gui3gui3ops13load_firmware0B7_
FN:560,_RNCNvNtNtCscxe6y7LucFy_13sdf_flash_gui3gui3ops13load_firmwares_0B7_
FN:454,_RNCNvNtNtCscxe6y7LucFy_13sdf_flash_gui3gui3ops16apply_drive_list0B7_
FN:465,_RNCNvNtNtCscxe6y7LucFy_13sdf_flash_gui3gui3ops16apply_drive_lists0_0B7_
FN:466,_RNCNvNtNtCscxe6y7LucFy_13sdf_flash_gui3gui3ops16apply_drive_lists1_0B7_
FN:457,_RNCNvNtNtCscxe6y7LucFy_13sdf_flash_gui3gui3ops16apply_drive_lists_0B7_
FN:496,_RNCNvNtNtCscxe6y7LucFy_13sdf_flash_gui3gui3ops21firmware_picker_label0B7_
FN:498,_RNCNvNtNtCscxe6y7LucFy_13sdf_flash_gui3gui3ops21firmware_picker_labels_0B7_
FN:299,_RNCNvNtNtCscxe6y7LucFy_13sdf_flash_gui3gui3ops21settings_nudge_active0B7_
FN:242,_RNCNvNtNtCscxe6y7LucFy_13sdf_flash_gui3gui3ops21start_disabled_reason0B7_
FN:258,_RNCNvNtNtCscxe6y7LucFy_13sdf_flash_gui3gui3ops21start_disabled_reasons_0B7_
FN:188,_RNCNvNtNtCscxe6y7LucFy_13sdf_flash_gui3gui3ops9can_start0B7_
FN:195,_RNCNvNtNtCscxe6y7LucFy_13sdf_flash_gui3gui3ops9can_starts_0B7_
FN:642,_RNvMNtNtNtCscxe6y7LucFy_13sdf_flash_gui3gui3ops5testsNtB2_10MockDialog14returning_file
FN:635,_RNvMNtNtNtCscxe6y7LucFy_13sdf_flash_gui3gui3ops5testsNtB2_10MockDialog16returning_folder
FN:628,_RNvMNtNtNtCscxe6y7LucFy_13sdf_flash_gui3gui3ops5testsNtB2_10MockDialog17returning_nothing
FN:697,_RNvNtNtNtCscxe6y7LucFy_13sdf_flash_gui3gui3ops5tests10test_drive
FN:693,_RNvNtNtNtCscxe6y7LucFy_13sdf_flash_gui3gui3ops5tests11mock_runner
FN:2034,_RNvNtNtNtCscxe6y7LucFy_13sdf_flash_gui3gui3ops5tests19build_sdf0_firmware
FN:1241,_RNvNtNtNtCscxe6y7LucFy_13sdf_flash_gui3gui3ops5tests22state_with_valid_paths
FN:666,_RNvNtNtNtCscxe6y7LucFy_13sdf_flash_gui3gui3ops5tests9no_dialog
FN:908,_RNvNtNtNtCscxe6y7LucFy_13sdf_flash_gui3gui3ops5testss_14can_start_busy
FN:1120,_RNvNtNtNtCscxe6y7LucFy_13sdf_flash_gui3gui3ops5testss_17can_start_probing
FN:901,_RNvNtNtNtCscxe6y7LucFy_13sdf_flash_gui3gui3ops5testss_18can_start_no_drive
FN:1351,_RNvNtNtNtCscxe6y7LucFy_13sdf_flash_gui3gui3ops5testss_19load_firmware_valid
FN:1130,_RNvNtNtNtCscxe6y7LucFy_13sdf_flash_gui3gui3ops5testss_20can_start_not_mt1959
FN:1365,_RNvNtNtNtCscxe6y7LucFy_13sdf_flash_gui3gui3ops5testss_20refresh_drives_empty
FN:1699,_RNvNtNtNtCscxe6y7LucFy_13sdf_flash_gui3gui3ops5testss_21can_start_write_valid
FN:803,_RNvNtNtNtCscxe6y7LucFy_13sdf_flash_gui3gui3ops5testss_21flash_mode_label_read
FN:1843,_RNvNtNtNtCscxe6y7LucFy_13sdf_flash_gui3gui3ops5testss_23can_start_recover_valid
FN:708,_RNvNtNtNtCscxe6y7LucFy_13sdf_flash_gui3gui3ops5testss_23drive_label_with_vendor
FN:842,_RNvNtNtNtCscxe6y7LucFy_13sdf_flash_gui3gui3ops5testss_24flash_mode_label_recover
FN:1338,_RNvNtNtNtCscxe6y7LucFy_13sdf_flash_gui3gui3ops5testss_24load_firmware_empty_file
FN:1139,_RNvNtNtNtCscxe6y7LucFy_13sdf_flash_gui3gui3ops5testss_25can_start_read_mode_valid
FN:1329,_RNvNtNtNtCscxe6y7LucFy_13sdf_flash_gui3gui3ops5testss_25load_firmware_nonexistent
FN:1184,_RNvNtNtNtCscxe6y7LucFy_13sdf_flash_gui3gui3ops5testss_26can_start_recover_no_token
FN:868,_RNvNtNtNtCscxe6y7LucFy_13sdf_flash_gui3gui3ops5testss_26drive_label_without_vendor
FN:1208,_RNvNtNtNtCscxe6y7LucFy_13sdf_flash_gui3gui3ops5testss_26start_disabled_reason_busy
FN:1507,_RNvNtNtNtCscxe6y7LucFy_13sdf_flash_gui3gui3ops5testss_27can_start_read_no_tool_path
FN:1158,_RNvNtNtNtCscxe6y7LucFy_13sdf_flash_gui3gui3ops5testss_27can_start_write_no_firmware
FN:861,_RNvNtNtNtCscxe6y7LucFy_13sdf_flash_gui3gui3ops5testss_27firmware_basename_from_path
FN:826,_RNvNtNtNtCscxe6y7LucFy_13sdf_flash_gui3gui3ops5testss_27flash_mode_label_bootloader
FN:989,_RNvNtNtNtCscxe6y7LucFy_13sdf_flash_gui3gui3ops5testss_27request_stop_noop_when_idle
FN:1530,_RNvNtNtNtCscxe6y7LucFy_13sdf_flash_gui3gui3ops5testss_28execute_start_write_no_drive
FN:855,_RNvNtNtNtCscxe6y7LucFy_13sdf_flash_gui3gui3ops5testss_28firmware_basename_empty_path
FN:2326,_RNvNtNtNtCscxe6y7LucFy_13sdf_flash_gui3gui3ops5testss_28start_disabled_reason_mt1939
FN:718,_RNvNtNtNtCscxe6y7LucFy_13sdf_flash_gui3gui3ops5testss_29backend_configured_empty_path
FN:817,_RNvNtNtNtCscxe6y7LucFy_13sdf_flash_gui3gui3ops5testss_29firmware_sha_prefix_with_data
FN:1216,_RNvNtNtNtCscxe6y7LucFy_13sdf_flash_gui3gui3ops5testss_29start_disabled_reason_probing
FN:1284,_RNvNtNtNtCscxe6y7LucFy_13sdf_flash_gui3gui3ops5testss_29start_disabled_reason_recover
FN:1936,_RNvNtNtNtCscxe6y7LucFy_13sdf_flash_gui3gui3ops5testss_30execute_start_read_with_folder
FN:1635,_RNvNtNtNtCscxe6y7LucFy_13sdf_flash_gui3gui3ops5testss_30execute_start_recover_no_drive
FN:1297,_RNvNtNtNtCscxe6y7LucFy_13sdf_flash_gui3gui3ops5testss_30on_operation_mode_changed_read
FN:1224,_RNvNtNtNtCscxe6y7LucFy_13sdf_flash_gui3gui3ops5testss_30start_disabled_reason_no_drive
FN:1518,_RNvNtNtNtCscxe6y7LucFy_13sdf_flash_gui3gui3ops5testss_31can_start_read_invalid_sdf_path
FN:810,_RNvNtNtNtCscxe6y7LucFy_13sdf_flash_gui3gui3ops5testss_31flash_mode_label_write_standard
FN:1305,_RNvNtNtNtCscxe6y7LucFy_13sdf_flash_gui3gui3ops5testss_31on_operation_mode_changed_write
FN:1553,_RNvNtNtNtCscxe6y7LucFy_13sdf_flash_gui3gui3ops5testss_32execute_start_write_success_path
FN:849,_RNvNtNtNtCscxe6y7LucFy_13sdf_flash_gui3gui3ops5testss_32firmware_sha_prefix_without_data
FN:834,_RNvNtNtNtCscxe6y7LucFy_13sdf_flash_gui3gui3ops5testss_32flash_mode_label_write_encrypted
FN:943,_RNvNtNtNtCscxe6y7LucFy_13sdf_flash_gui3gui3ops5testss_32request_app_quit_when_idle_exits
FN:1232,_RNvNtNtNtCscxe6y7LucFy_13sdf_flash_gui3gui3ops5testss_32start_disabled_reason_not_mt1959
FN:1653,_RNvNtNtNtCscxe6y7LucFy_13sdf_flash_gui3gui3ops5testss_32start_disabled_reason_read_empty
FN:1170,_RNvNtNtNtCscxe6y7LucFy_13sdf_flash_gui3gui3ops5testss_33can_start_write_conflicting_modes
FN:1828,_RNvNtNtNtCscxe6y7LucFy_13sdf_flash_gui3gui3ops5testss_33can_start_write_with_confirmation
FN:1645,_RNvNtNtNtCscxe6y7LucFy_13sdf_flash_gui3gui3ops5testss_33load_firmware_root_path_no_parent
FN:1317,_RNvNtNtNtCscxe6y7LucFy_13sdf_flash_gui3gui3ops5testss_33on_operation_mode_changed_recover
FN:981,_RNvNtNtNtCscxe6y7LucFy_13sdf_flash_gui3gui3ops5testss_33on_viewport_close_when_idle_exits
FN:1572,_RNvNtNtNtCscxe6y7LucFy_13sdf_flash_gui3gui3ops5testss_34execute_start_recover_success_path
FN:1881,_RNvNtNtNtCscxe6y7LucFy_13sdf_flash_gui3gui3ops5testss_34load_firmware_populates_candidates
FN:1095,_RNvNtNtNtCscxe6y7LucFy_13sdf_flash_gui3gui3ops5testss_35confirm_force_quit_exit_clears_busy
FN:1014,_RNvNtNtNtCscxe6y7LucFy_13sdf_flash_gui3gui3ops5testss_35confirm_graceful_stop_clears_dialog
FN:2002,_RNvNtNtNtCscxe6y7LucFy_13sdf_flash_gui3gui3ops5testss_35mock_runner_run_command_returns_err
FN:1195,_RNvNtNtNtCscxe6y7LucFy_13sdf_flash_gui3gui3ops5testss_36can_start_recover_wrong_confirmation
FN:1023,_RNvNtNtNtCscxe6y7LucFy_13sdf_flash_gui3gui3ops5testss_36confirm_force_kill_clears_busy_state
FN:1913,_RNvNtNtNtCscxe6y7LucFy_13sdf_flash_gui3gui3ops5testss_36execute_start_read_no_drive_selected
FN:1539,_RNvNtNtNtCscxe6y7LucFy_13sdf_flash_gui3gui3ops5testss_36execute_start_write_validation_fails
FN:797,_RNvNtNtNtCscxe6y7LucFy_13sdf_flash_gui3gui3ops5testss_36half_sine_bell_zero_duration_is_zero
FN:1269,_RNvNtNtNtCscxe6y7LucFy_13sdf_flash_gui3gui3ops5testss_36start_disabled_reason_write_conflict
FN:1727,_RNvNtNtNtCscxe6y7LucFy_13sdf_flash_gui3gui3ops5testss_37can_start_write_rejects_mode_conflict
FN:1922,_RNvNtNtNtCscxe6y7LucFy_13sdf_flash_gui3gui3ops5testss_37execute_start_read_no_folder_selected
FN:1589,_RNvNtNtNtCscxe6y7LucFy_13sdf_flash_gui3gui3ops5testss_37execute_start_write_no_drive_selected
FN:1397,_RNvNtNtNtCscxe6y7LucFy_13sdf_flash_gui3gui3ops5testss_38apply_drive_list_reselects_by_identity
FN:2281,_RNvNtNtNtCscxe6y7LucFy_13sdf_flash_gui3gui3ops5testss_38can_start_allows_when_platform_matches
FN:1035,_RNvNtNtNtCscxe6y7LucFy_13sdf_flash_gui3gui3ops5testss_38confirm_force_kill_reaps_probe_control
FN:1775,_RNvNtNtNtCscxe6y7LucFy_13sdf_flash_gui3gui3ops5testss_38execute_start_write_prepare_error_logs
FN:2076,_RNvNtNtNtCscxe6y7LucFy_13sdf_flash_gui3gui3ops5testss_38load_firmware_sets_form_factor_desktop
FN:1869,_RNvNtNtNtCscxe6y7LucFy_13sdf_flash_gui3gui3ops5testss_38start_disabled_reason_invalid_sdf_path
FN:775,_RNvNtNtNtCscxe6y7LucFy_13sdf_flash_gui3gui3ops5testss_39half_sine_bell_is_smooth_zero_peak_zero
FN:971,_RNvNtNtNtCscxe6y7LucFy_13sdf_flash_gui3gui3ops5testss_39on_viewport_close_when_busy_blocks_exit
FN:732,_RNvNtNtNtCscxe6y7LucFy_13sdf_flash_gui3gui3ops5testss_39settings_nudge_active_respects_deadline
FN:1858,_RNvNtNtNtCscxe6y7LucFy_13sdf_flash_gui3gui3ops5testss_39start_disabled_reason_invalid_tool_path
FN:1253,_RNvNtNtNtCscxe6y7LucFy_13sdf_flash_gui3gui3ops5testss_39start_disabled_reason_write_no_firmware
FN:881,_RNvNtNtNtCscxe6y7LucFy_13sdf_flash_gui3gui3ops5testss_40drive_label_includes_serial_when_present
FN:1951,_RNvNtNtNtCscxe6y7LucFy_13sdf_flash_gui3gui3ops5testss_40execute_start_read_plan_fails_logs_error
FN:1684,_RNvNtNtNtCscxe6y7LucFy_13sdf_flash_gui3gui3ops5testss_40start_disabled_reason_recover_with_token
FN:1992,_RNvNtNtNtCscxe6y7LucFy_13sdf_flash_gui3gui3ops5testss_41apply_drive_list_keeps_existing_selection
FN:2132,_RNvNtNtNtCscxe6y7LucFy_13sdf_flash_gui3gui3ops5testss_41load_firmware_identifies_slim_by_pcb_type
FN:1760,_RNvNtNtNtCscxe6y7LucFy_13sdf_flash_gui3gui3ops5testss_41start_disabled_reason_write_mode_conflict
FN:1669,_RNvNtNtNtCscxe6y7LucFy_13sdf_flash_gui3gui3ops5testss_41start_disabled_reason_write_with_firmware
FN:2237,_RNvNtNtNtCscxe6y7LucFy_13sdf_flash_gui3gui3ops5testss_42can_start_blocks_cross_flash_not_confirmed
FN:2092,_RNvNtNtNtCscxe6y7LucFy_13sdf_flash_gui3gui3ops5testss_42load_firmware_resets_cross_flash_confirmed
FN:1498,_RNvNtNtNtCscxe6y7LucFy_13sdf_flash_gui3gui3ops5testss_42prompt_recovery_wrong_firmware_already_set
FN:996,_RNvNtNtNtCscxe6y7LucFy_13sdf_flash_gui3gui3ops5testss_42request_stop_sets_confirm_dialog_when_busy
FN:933,_RNvNtNtNtCscxe6y7LucFy_13sdf_flash_gui3gui3ops5testss_43begin_app_shutdown_force_kills_active_probe
FN:2259,_RNvNtNtNtCscxe6y7LucFy_13sdf_flash_gui3gui3ops5testss_43can_start_allows_cross_flash_when_confirmed
FN:1714,_RNvNtNtNtCscxe6y7LucFy_13sdf_flash_gui3gui3ops5testss_43can_start_write_rejects_empty_firmware_path
FN:1820,_RNvNtNtNtCscxe6y7LucFy_13sdf_flash_gui3gui3ops5testss_43decline_force_kill_without_active_operation
FN:1805,_RNvNtNtNtCscxe6y7LucFy_13sdf_flash_gui3gui3ops5testss_43firmware_picker_label_basename_and_fallback
FN:1387,_RNvNtNtNtCscxe6y7LucFy_13sdf_flash_gui3gui3ops5testss_44apply_drive_list_clears_selection_when_empty
FN:889,_RNvNtNtNtCscxe6y7LucFy_13sdf_flash_gui3gui3ops5testss_44drive_label_without_serial_omits_extra_token
FN:1966,_RNvNtNtNtCscxe6y7LucFy_13sdf_flash_gui3gui3ops5testss_45execute_start_write_dry_run_only_logs_command
FN:2170,_RNvNtNtNtCscxe6y7LucFy_13sdf_flash_gui3gui3ops5testss_45load_firmware_resets_encrypted_to_probe_value
FN:961,_RNvNtNtNtCscxe6y7LucFy_13sdf_flash_gui3gui3ops5testss_45request_app_quit_when_busy_shows_confirmation
FN:1377,_RNvNtNtNtCscxe6y7LucFy_13sdf_flash_gui3gui3ops5testss_46apply_drive_list_selects_first_when_unselected
FN:1812,_RNvNtNtNtCscxe6y7LucFy_13sdf_flash_gui3gui3ops5testss_46confirm_graceful_stop_without_active_operation
FN:1600,_RNvNtNtNtCscxe6y7LucFy_13sdf_flash_gui3gui3ops5testss_46execute_start_write_unconfirmed_does_not_start
FN:2187,_RNvNtNtNtCscxe6y7LucFy_13sdf_flash_gui3gui3ops5testss_46start_disabled_reason_recover_empty_when_valid
FN:1742,_RNvNtNtNtCscxe6y7LucFy_13sdf_flash_gui3gui3ops5testss_46start_disabled_reason_write_needs_confirmation
FN:2105,_RNvNtNtNtCscxe6y7LucFy_13sdf_flash_gui3gui3ops5testss_47load_firmware_identifies_known_firmware_by_hash
FN:2303,_RNvNtNtNtCscxe6y7LucFy_13sdf_flash_gui3gui3ops5testss_47start_disabled_reason_cross_flash_not_confirmed
FN:1106,_RNvNtNtNtCscxe6y7LucFy_13sdf_flash_gui3gui3ops5testss_48confirm_force_quit_exit_force_kills_active_probe
FN:1618,_RNvNtNtNtCscxe6y7LucFy_13sdf_flash_gui3gui3ops5testss_48execute_start_recover_unconfirmed_does_not_start
FN:1467,_RNvNtNtNtCscxe6y7LucFy_13sdf_flash_gui3gui3ops5testss_48extract_recovery_token_from_wrong_firmware_valid
FN:2049,_RNvNtNtNtCscxe6y7LucFy_13sdf_flash_gui3gui3ops5testss_48load_firmware_sets_form_factor_from_sdf_metadata
FN:918,_RNvNtNtNtCscxe6y7LucFy_13sdf_flash_gui3gui3ops5testss_50idle_viewport_close_prepares_exit_without_blocking
FN:2009,_RNvNtNtNtCscxe6y7LucFy_13sdf_flash_gui3gui3ops5testss_50prompt_recovery_wrong_firmware_dialog_no_selection
FN:951,_RNvNtNtNtCscxe6y7LucFy_13sdf_flash_gui3gui3ops5testss_51request_app_quit_when_already_exiting_is_idempotent
FN:740,_RNvNtNtNtCscxe6y7LucFy_13sdf_flash_gui3gui3ops5testss_51settings_nudge_highlight_two_soft_pulses_with_decay
FN:1072,_RNvNtNtNtCscxe6y7LucFy_13sdf_flash_gui3gui3ops5testss_52decline_force_kill_keeps_operation_locked_and_dialog
FN:1484,_RNvNtNtNtCscxe6y7LucFy_13sdf_flash_gui3gui3ops5testss_52extract_recovery_token_from_wrong_firmware_too_short
FN:2018,_RNvNtNtNtCscxe6y7LucFy_13sdf_flash_gui3gui3ops5testss_52prompt_recovery_wrong_firmware_dialog_with_selection
FN:788,_RNvNtNtNtCscxe6y7LucFy_13sdf_flash_gui3gui3ops5testss_52settings_nudge_highlight_before_window_start_is_zero
FN:1450,_RNvNtNtNtCscxe6y7LucFy_13sdf_flash_gui3gui3ops5testss_53extract_recovery_token_from_wrong_firmware_empty_path
FN:2152,_RNvNtNtNtCscxe6y7LucFy_13sdf_flash_gui3gui3ops5testss_53load_firmware_unknown_binary_gets_unknown_form_factor
FN:1459,_RNvNtNtNtCscxe6y7LucFy_13sdf_flash_gui3gui3ops5testss_54extract_recovery_token_from_wrong_firmware_nonexistent
FN:1422,_RNvNtNtNtCscxe6y7LucFy_13sdf_flash_gui3gui3ops5testss_56apply_drive_list_index_shift_same_path_invalidates_probe
FN:2228,_RNvNtNtNtCscxe6y7LucFy_13sdf_flash_gui3gui3ops5testss_56cross_flash_confirmation_required_no_drive_returns_false
FN:1004,_RNvNtNtNtCscxe6y7LucFy_13sdf_flash_gui3gui3ops5testss_57request_stop_reopens_force_kill_while_waiting_for_backend
FN:1049,_RNvNtNtNtCscxe6y7LucFy_13sdf_flash_gui3gui3ops5testss_60confirm_force_kill_marks_probe_handled_to_block_auto_reprobe
FN:2208,_RNvNtNtNtCscxe6y7LucFy_13sdf_flash_gui3gui3ops5testss_61start_disabled_reason_recover_shows_reason_when_token_missing
FN:724,_RNvNtNtNtCscxe6y7LucFy_13sdf_flash_gui3gui3ops5testss_62click_should_nudge_settings_when_no_backend_and_not_on_allowed
FN:673,_RNvXs0_NtNtNtCscxe6y7LucFy_13sdf_flash_gui3gui3ops5testsNtB5_10MockRunnerNtNtBb_7process13ProcessRunner11run_command
FN:682,_RNvXs0_NtNtNtCscxe6y7LucFy_13sdf_flash_gui3gui3ops5testsNtB5_10MockRunnerNtNtBb_7process13ProcessRunner21run_command_streaming
FN:651,_RNvXs_NtNtNtCscxe6y7LucFy_13sdf_flash_gui3gui3ops5testsNtB4_10MockDialogNtNtB8_11file_dialog10FileDialog11pick_folder
FN:655,_RNvXs_NtNtNtCscxe6y7LucFy_13sdf_flash_gui3gui3ops5testsNtB4_10MockDialogNtNtB8_11file_dialog10FileDialog20pick_file_with_title
FN:1896,_RNCNvNtNtNtCscxe6y7LucFy_13sdf_flash_gui3gui3ops5testss_34load_firmware_populates_candidates0B9_
FN:1906,_RNCNvNtNtNtCscxe6y7LucFy_13sdf_flash_gui3gui3ops5testss_34load_firmware_populates_candidatess0_0B9_
FN:1901,_RNCNvNtNtNtCscxe6y7LucFy_13sdf_flash_gui3gui3ops5testss_34load_firmware_populates_candidatess_0B9_
FN:92,_RNvNtNtCscxe6y7LucFy_13sdf_flash_gui3gui3ops12request_stop
FN:501,_RNvNtNtCscxe6y7LucFy_13sdf_flash_gui3gui3ops13load_firmware
FN:326,_RNvNtNtCscxe6y7LucFy_13sdf_flash_gui3gui3ops14half_sine_bell
FN:480,_RNvNtNtCscxe6y7LucFy_13sdf_flash_gui3gui3ops14refresh_drives
FN:450,_RNvNtNtCscxe6y7LucFy_13sdf_flash_gui3gui3ops16apply_drive_list
FN:48,_RNvNtNtCscxe6y7LucFy_13sdf_flash_gui3gui3ops16prepare_app_exit
FN:57,_RNvNtNtCscxe6y7LucFy_13sdf_flash_gui3gui3ops16request_app_quit
FN:269,_RNvNtNtCscxe6y7LucFy_13sdf_flash_gui3gui3ops18backend_configured
FN:23,_RNvNtNtCscxe6y7LucFy_13sdf_flash_gui3gui3ops18begin_app_shutdown
FN:111,_RNvNtNtCscxe6y7LucFy_13sdf_flash_gui3gui3ops18confirm_force_kill
FN:130,_RNvNtNtCscxe6y7LucFy_13sdf_flash_gui3gui3ops18decline_force_kill
FN:36,_RNvNtNtCscxe6y7LucFy_13sdf_flash_gui3gui3ops21close_child_viewports
FN:103,_RNvNtNtCscxe6y7LucFy_13sdf_flash_gui3gui3ops21confirm_graceful_stop
FN:493,_RNvNtNtCscxe6y7LucFy_13sdf_flash_gui3gui3ops21firmware_picker_label
FN:298,_RNvNtNtCscxe6y7LucFy_13sdf_flash_gui3gui3ops21settings_nudge_active
FN:202,_RNvNtNtCscxe6y7LucFy_13sdf_flash_gui3gui3ops21start_disabled_reason
FN:79,_RNvNtNtCscxe6y7LucFy_13sdf_flash_gui3gui3ops23confirm_force_quit_exit
FN:306,_RNvNtNtCscxe6y7LucFy_13sdf_flash_gui3gui3ops24settings_nudge_highlight
FN:338,_RNvNtNtCscxe6y7LucFy_13sdf_flash_gui3gui3ops25on_operation_mode_changed
FN:293,_RNvNtNtCscxe6y7LucFy_13sdf_flash_gui3gui3ops27click_should_nudge_settings
FN:66,_RNvNtNtCscxe6y7LucFy_13sdf_flash_gui3gui3ops27on_viewport_close_requested
FN:141,_RNvNtNtCscxe6y7LucFy_13sdf_flash_gui3gui3ops33cross_flash_confirmation_required
FN:593,_RNvNtNtCscxe6y7LucFy_13sdf_flash_gui3gui3ops42extract_recovery_token_from_wrong_firmware
FN:152,_RNvNtNtCscxe6y7LucFy_13sdf_flash_gui3gui3ops9can_start
FNDA:0,_RNvNtNtCs3Wy3tfohZJx_13sdf_flash_gui3gui3ops12request_stop
FNDA:0,_RNvNtNtCs3Wy3tfohZJx_13sdf_flash_gui3gui3ops13load_firmware
FNDA:0,_RNvNtNtCs3Wy3tfohZJx_13sdf_flash_gui3gui3ops14half_sine_bell
FNDA:0,_RNvNtNtCs3Wy3tfohZJx_13sdf_flash_gui3gui3ops14refresh_drives
FNDA:0,_RNvNtNtCs3Wy3tfohZJx_13sdf_flash_gui3gui3ops16apply_drive_list
FNDA:0,_RNvNtNtCs3Wy3tfohZJx_13sdf_flash_gui3gui3ops16prepare_app_exit
FNDA:0,_RNvNtNtCs3Wy3tfohZJx_13sdf_flash_gui3gui3ops16request_app_quit
FNDA:0,_RNvNtNtCs3Wy3tfohZJx_13sdf_flash_gui3gui3ops18backend_configured
FNDA:0,_RNvNtNtCs3Wy3tfohZJx_13sdf_flash_gui3gui3ops18begin_app_shutdown
FNDA:0,_RNvNtNtCs3Wy3tfohZJx_13sdf_flash_gui3gui3ops18confirm_force_kill
FNDA:0,_RNvNtNtCs3Wy3tfohZJx_13sdf_flash_gui3gui3ops18decline_force_kill
FNDA:0,_RNvNtNtCs3Wy3tfohZJx_13sdf_flash_gui3gui3ops21close_child_viewports
FNDA:0,_RNvNtNtCs3Wy3tfohZJx_13sdf_flash_gui3gui3ops21confirm_graceful_stop
FNDA:0,_RNvNtNtCs3Wy3tfohZJx_13sdf_flash_gui3gui3ops21firmware_picker_label
FNDA:0,_RNvNtNtCs3Wy3tfohZJx_13sdf_flash_gui3gui3ops21settings_nudge_active
FNDA:0,_RNvNtNtCs3Wy3tfohZJx_13sdf_flash_gui3gui3ops21start_disabled_reason
FNDA:0,_RNvNtNtCs3Wy3tfohZJx_13sdf_flash_gui3gui3ops23confirm_force_quit_exit
FNDA:0,_RNvNtNtCs3Wy3tfohZJx_13sdf_flash_gui3gui3ops24settings_nudge_highlight
FNDA:0,_RNvNtNtCs3Wy3tfohZJx_13sdf_flash_gui3gui3ops25on_operation_mode_changed
FNDA:0,_RNvNtNtCs3Wy3tfohZJx_13sdf_flash_gui3gui3ops27click_should_nudge_settings
FNDA:0,_RNvNtNtCs3Wy3tfohZJx_13sdf_flash_gui3gui3ops27on_viewport_close_requested
FNDA:0,_RNvNtNtCs3Wy3tfohZJx_13sdf_flash_gui3gui3ops33cross_flash_confirmation_required
FNDA:0,_RNvNtNtCs3Wy3tfohZJx_13sdf_flash_gui3gui3ops42extract_recovery_token_from_wrong_firmware
FNDA:0,_RNvNtNtCs3Wy3tfohZJx_13sdf_flash_gui3gui3ops9can_start
FNDA:0,_RINvNtNtCs3Wy3tfohZJx_13sdf_flash_gui3gui3ops13execute_startNtNtB4_11file_dialog12NativeDialogEB6_
FNDA:0,_RINvNtNtCs3Wy3tfohZJx_13sdf_flash_gui3gui3ops30prompt_recovery_wrong_firmwareNtNtB4_11file_dialog12NativeDialogEB6_
FNDA:0,_RNCNCNCNvNtNtCs3Wy3tfohZJx_13sdf_flash_gui3gui3ops13load_firmware0s0_00Bb_
FNDA:0,_RNCNCNvNtNtCs3Wy3tfohZJx_13sdf_flash_gui3gui3ops13load_firmware00B9_
FNDA:0,_RNCNCNvNtNtCs3Wy3tfohZJx_13sdf_flash_gui3gui3ops13load_firmware0s0_0B9_
FNDA:0,_RNCNCNvNtNtCs3Wy3tfohZJx_13sdf_flash_gui3gui3ops13load_firmware0s1_0B9_
FNDA:0,_RNCNCNvNtNtCs3Wy3tfohZJx_13sdf_flash_gui3gui3ops13load_firmware0s_0B9_
FNDA:0,_RNCNvNtNtCs3Wy3tfohZJx_13sdf_flash_gui3gui3ops13load_firmware0B7_
FNDA:0,_RNCNvNtNtCs3Wy3tfohZJx_13sdf_flash_gui3gui3ops13load_firmwares_0B7_
FNDA:0,_RNCNvNtNtCs3Wy3tfohZJx_13sdf_flash_gui3gui3ops16apply_drive_list0B7_
FNDA:0,_RNCNvNtNtCs3Wy3tfohZJx_13sdf_flash_gui3gui3ops16apply_drive_lists0_0B7_
FNDA:0,_RNCNvNtNtCs3Wy3tfohZJx_13sdf_flash_gui3gui3ops16apply_drive_lists1_0B7_
FNDA:0,_RNCNvNtNtCs3Wy3tfohZJx_13sdf_flash_gui3gui3ops16apply_drive_lists_0B7_
FNDA:0,_RNCNvNtNtCs3Wy3tfohZJx_13sdf_flash_gui3gui3ops21firmware_picker_label0B7_
FNDA:0,_RNCNvNtNtCs3Wy3tfohZJx_13sdf_flash_gui3gui3ops21firmware_picker_labels_0B7_
FNDA:0,_RNCNvNtNtCs3Wy3tfohZJx_13sdf_flash_gui3gui3ops21settings_nudge_active0B7_
FNDA:0,_RNCNvNtNtCs3Wy3tfohZJx_13sdf_flash_gui3gui3ops21start_disabled_reason0B7_
FNDA:0,_RNCNvNtNtCs3Wy3tfohZJx_13sdf_flash_gui3gui3ops21start_disabled_reasons_0B7_
FNDA:0,_RNCNvNtNtCs3Wy3tfohZJx_13sdf_flash_gui3gui3ops9can_start0B7_
FNDA:0,_RNCNvNtNtCs3Wy3tfohZJx_13sdf_flash_gui3gui3ops9can_starts_0B7_
FNDA:14,_RINvNtNtCscxe6y7LucFy_13sdf_flash_gui3gui3ops13execute_startNtNtB2_5tests10MockDialogEB6_
FNDA:3,_RINvNtNtCscxe6y7LucFy_13sdf_flash_gui3gui3ops30prompt_recovery_wrong_firmwareNtNtB2_5tests10MockDialogEB6_
FNDA:12,_RNCNCNCNvNtNtCscxe6y7LucFy_13sdf_flash_gui3gui3ops13load_firmware0s0_00Bb_
FNDA:12,_RNCNCNvNtNtCscxe6y7LucFy_13sdf_flash_gui3gui3ops13load_firmware00B9_
FNDA:12,_RNCNCNvNtNtCscxe6y7LucFy_13sdf_flash_gui3gui3ops13load_firmware0s0_0B9_
FNDA:11,_RNCNCNvNtNtCscxe6y7LucFy_13sdf_flash_gui3gui3ops13load_firmware0s1_0B9_
FNDA:12,_RNCNCNvNtNtCscxe6y7LucFy_13sdf_flash_gui3gui3ops13load_firmware0s_0B9_
FNDA:10,_RNCNvNtNtCscxe6y7LucFy_13sdf_flash_gui3gui3ops13load_firmware0B7_
FNDA:11,_RNCNvNtNtCscxe6y7LucFy_13sdf_flash_gui3gui3ops13load_firmwares_0B7_
FNDA:5,_RNCNvNtNtCscxe6y7LucFy_13sdf_flash_gui3gui3ops16apply_drive_list0B7_
FNDA:5,_RNCNvNtNtCscxe6y7LucFy_13sdf_flash_gui3gui3ops16apply_drive_lists0_0B7_
FNDA:5,_RNCNvNtNtCscxe6y7LucFy_13sdf_flash_gui3gui3ops16apply_drive_lists1_0B7_
FNDA:4,_RNCNvNtNtCscxe6y7LucFy_13sdf_flash_gui3gui3ops16apply_drive_lists_0B7_
FNDA:12,_RNCNvNtNtCscxe6y7LucFy_13sdf_flash_gui3gui3ops21firmware_picker_label0B7_
FNDA:2,_RNCNvNtNtCscxe6y7LucFy_13sdf_flash_gui3gui3ops21firmware_picker_labels_0B7_
FNDA:3,_RNCNvNtNtCscxe6y7LucFy_13sdf_flash_gui3gui3ops21settings_nudge_active0B7_
FNDA:3,_RNCNvNtNtCscxe6y7LucFy_13sdf_flash_gui3gui3ops21start_disabled_reason0B7_
FNDA:2,_RNCNvNtNtCscxe6y7LucFy_13sdf_flash_gui3gui3ops21start_disabled_reasons_0B7_
FNDA:4,_RNCNvNtNtCscxe6y7LucFy_13sdf_flash_gui3gui3ops9can_start0B7_
FNDA:1,_RNCNvNtNtCscxe6y7LucFy_13sdf_flash_gui3gui3ops9can_starts_0B7_
FNDA:1,_RNvMNtNtNtCscxe6y7LucFy_13sdf_flash_gui3gui3ops5testsNtB2_10MockDialog14returning_file
FNDA:2,_RNvMNtNtNtCscxe6y7LucFy_13sdf_flash_gui3gui3ops5testsNtB2_10MockDialog16returning_folder
FNDA:14,_RNvMNtNtNtCscxe6y7LucFy_13sdf_flash_gui3gui3ops5testsNtB2_10MockDialog17returning_nothing
FNDA:51,_RNvNtNtNtCscxe6y7LucFy_13sdf_flash_gui3gui3ops5tests10test_drive
FNDA:15,_RNvNtNtNtCscxe6y7LucFy_13sdf_flash_gui3gui3ops5tests11mock_runner
FNDA:2,_RNvNtNtNtCscxe6y7LucFy_13sdf_flash_gui3gui3ops5tests19build_sdf0_firmware
FNDA:31,_RNvNtNtNtCscxe6y7LucFy_13sdf_flash_gui3gui3ops5tests22state_with_valid_paths
FNDA:14,_RNvNtNtNtCscxe6y7LucFy_13sdf_flash_gui3gui3ops5tests9no_dialog
FNDA:1,_RNvNtNtNtCscxe6y7LucFy_13sdf_flash_gui3gui3ops5testss_14can_start_busy
FNDA:1,_RNvNtNtNtCscxe6y7LucFy_13sdf_flash_gui3gui3ops5testss_17can_start_probing
FNDA:1,_RNvNtNtNtCscxe6y7LucFy_13sdf_flash_gui3gui3ops5testss_18can_start_no_drive
FNDA:1,_RNvNtNtNtCscxe6y7LucFy_13sdf_flash_gui3gui3ops5testss_19load_firmware_valid
FNDA:1,_RNvNtNtNtCscxe6y7LucFy_13sdf_flash_gui3gui3ops5testss_20can_start_not_mt1959
FNDA:1,_RNvNtNtNtCscxe6y7LucFy_13sdf_flash_gui3gui3ops5testss_20refresh_drives_empty
FNDA:1,_RNvNtNtNtCscxe6y7LucFy_13sdf_flash_gui3gui3ops5testss_21can_start_write_valid
FNDA:1,_RNvNtNtNtCscxe6y7LucFy_13sdf_flash_gui3gui3ops5testss_21flash_mode_label_read
FNDA:1,_RNvNtNtNtCscxe6y7LucFy_13sdf_flash_gui3gui3ops5testss_23can_start_recover_valid
FNDA:1,_RNvNtNtNtCscxe6y7LucFy_13sdf_flash_gui3gui3ops5testss_23drive_label_with_vendor
FNDA:1,_RNvNtNtNtCscxe6y7LucFy_13sdf_flash_gui3gui3ops5testss_24flash_mode_label_recover
FNDA:1,_RNvNtNtNtCscxe6y7LucFy_13sdf_flash_gui3gui3ops5testss_24load_firmware_empty_file
FNDA:1,_RNvNtNtNtCscxe6y7LucFy_13sdf_flash_gui3gui3ops5testss_25can_start_read_mode_valid
FNDA:1,_RNvNtNtNtCscxe6y7LucFy_13sdf_flash_gui3gui3ops5testss_25load_firmware_nonexistent
FNDA:1,_RNvNtNtNtCscxe6y7LucFy_13sdf_flash_gui3gui3ops5testss_26can_start_recover_no_token
FNDA:1,_RNvNtNtNtCscxe6y7LucFy_13sdf_flash_gui3gui3ops5testss_26drive_label_without_vendor
FNDA:1,_RNvNtNtNtCscxe6y7LucFy_13sdf_flash_gui3gui3ops5testss_26start_disabled_reason_busy
FNDA:1,_RNvNtNtNtCscxe6y7LucFy_13sdf_flash_gui3gui3ops5testss_27can_start_read_no_tool_path
FNDA:1,_RNvNtNtNtCscxe6y7LucFy_13sdf_flash_gui3gui3ops5testss_27can_start_write_no_firmware
FNDA:1,_RNvNtNtNtCscxe6y7LucFy_13sdf_flash_gui3gui3ops5testss_27firmware_basename_from_path
FNDA:1,_RNvNtNtNtCscxe6y7LucFy_13sdf_flash_gui3gui3ops5testss_27flash_mode_label_bootloader
FNDA:1,_RNvNtNtNtCscxe6y7LucFy_13sdf_flash_gui3gui3ops5testss_27request_stop_noop_when_idle
FNDA:1,_RNvNtNtNtCscxe6y7LucFy_13sdf_flash_gui3gui3ops5testss_28execute_start_write_no_drive
FNDA:1,_RNvNtNtNtCscxe6y7LucFy_13sdf_flash_gui3gui3ops5testss_28firmware_basename_empty_path
FNDA:1,_RNvNtNtNtCscxe6y7LucFy_13sdf_flash_gui3gui3ops5testss_28start_disabled_reason_mt1939
FNDA:1,_RNvNtNtNtCscxe6y7LucFy_13sdf_flash_gui3gui3ops5testss_29backend_configured_empty_path
FNDA:1,_RNvNtNtNtCscxe6y7LucFy_13sdf_flash_gui3gui3ops5testss_29firmware_sha_prefix_with_data
FNDA:1,_RNvNtNtNtCscxe6y7LucFy_13sdf_flash_gui3gui3ops5testss_29start_disabled_reason_probing
FNDA:1,_RNvNtNtNtCscxe6y7LucFy_13sdf_flash_gui3gui3ops5testss_29start_disabled_reason_recover
FNDA:1,_RNvNtNtNtCscxe6y7LucFy_13sdf_flash_gui3gui3ops5testss_30execute_start_read_with_folder
FNDA:1,_RNvNtNtNtCscxe6y7LucFy_13sdf_flash_gui3gui3ops5testss_30execute_start_recover_no_drive
FNDA:1,_RNvNtNtNtCscxe6y7LucFy_13sdf_flash_gui3gui3ops5testss_30on_operation_mode_changed_read
FNDA:1,_RNvNtNtNtCscxe6y7LucFy_13sdf_flash_gui3gui3ops5testss_30start_disabled_reason_no_drive
FNDA:1,_RNvNtNtNtCscxe6y7LucFy_13sdf_flash_gui3gui3ops5testss_31can_start_read_invalid_sdf_path
FNDA:1,_RNvNtNtNtCscxe6y7LucFy_13sdf_flash_gui3gui3ops5testss_31flash_mode_label_write_standard
FNDA:1,_RNvNtNtNtCscxe6y7LucFy_13sdf_flash_gui3gui3ops5testss_31on_operation_mode_changed_write
FNDA:1,_RNvNtNtNtCscxe6y7LucFy_13sdf_flash_gui3gui3ops5testss_32execute_start_write_success_path
FNDA:1,_RNvNtNtNtCscxe6y7LucFy_13sdf_flash_gui3gui3ops5testss_32firmware_sha_prefix_without_data
FNDA:1,_RNvNtNtNtCscxe6y7LucFy_13sdf_flash_gui3gui3ops5testss_32flash_mode_label_write_encrypted
FNDA:1,_RNvNtNtNtCscxe6y7LucFy_13sdf_flash_gui3gui3ops5testss_32request_app_quit_when_idle_exits
FNDA:1,_RNvNtNtNtCscxe6y7LucFy_13sdf_flash_gui3gui3ops5testss_32start_disabled_reason_not_mt1959
FNDA:1,_RNvNtNtNtCscxe6y7LucFy_13sdf_flash_gui3gui3ops5testss_32start_disabled_reason_read_empty
FNDA:1,_RNvNtNtNtCscxe6y7LucFy_13sdf_flash_gui3gui3ops5testss_33can_start_write_conflicting_modes
FNDA:1,_RNvNtNtNtCscxe6y7LucFy_13sdf_flash_gui3gui3ops5testss_33can_start_write_with_confirmation
FNDA:1,_RNvNtNtNtCscxe6y7LucFy_13sdf_flash_gui3gui3ops5testss_33load_firmware_root_path_no_parent
FNDA:1,_RNvNtNtNtCscxe6y7LucFy_13sdf_flash_gui3gui3ops5testss_33on_operation_mode_changed_recover
FNDA:1,_RNvNtNtNtCscxe6y7LucFy_13sdf_flash_gui3gui3ops5testss_33on_viewport_close_when_idle_exits
[...]
FN:579,_RNvNtNtCscxe6y7LucFy_13sdf_flash_gui3sdf5testss_20parse_sdf0_fwver_key
FN:563,_RNvNtNtCscxe6y7LucFy_13sdf_flash_gui3sdf5testss_20parse_sdf0_model_key
FN:517,_RNvNtNtCscxe6y7LucFy_13sdf_flash_gui3sdf5testss_21parse_sdf0_both_flags
FN:466,_RNvNtNtCscxe6y7LucFy_13sdf_flash_gui3sdf5testss_23parse_valid_sdf0_header
FN:680,_RNvNtNtCscxe6y7LucFy_13sdf_flash_gui3sdf5testss_23skip_bytes_zero_is_noop
FN:483,_RNvNtNtCscxe6y7LucFy_13sdf_flash_gui3sdf5testss_24parse_sdf0_invalid_magic
FN:736,_RNvNtNtCscxe6y7LucFy_13sdf_flash_gui3sdf5testss_24parse_sdf0_larger_header
FN:475,_RNvNtNtCscxe6y7LucFy_13sdf_flash_gui3sdf5testss_24parse_sdf0_with_metadata
FN:492,_RNvNtNtCscxe6y7LucFy_13sdf_flash_gui3sdf5testss_25parse_sdf0_data_too_short
FN:552,_RNvNtNtCscxe6y7LucFy_13sdf_flash_gui3sdf5testss_25parse_sdf0_empty_metadata
FN:544,_RNvNtNtCscxe6y7LucFy_13sdf_flash_gui3sdf5testss_25parse_sdf0_metadata_fwver
FN:765,_RNvNtNtCscxe6y7LucFy_13sdf_flash_gui3sdf5testss_26parse_metadata_key_no_null
FN:508,_RNvNtNtCscxe6y7LucFy_13sdf_flash_gui3sdf5testss_26parse_sdf0_compressed_flag
FN:500,_RNvNtNtCscxe6y7LucFy_13sdf_flash_gui3sdf5testss_26parse_sdf0_invalid_version
FN:571,_RNvNtNtCscxe6y7LucFy_13sdf_flash_gui3sdf5testss_26parse_sdf0_model_lowercase
FN:618,_RNvNtNtCscxe6y7LucFy_13sdf_flash_gui3sdf5testss_26parse_sdf0_truncated_value
FN:781,_RNvNtNtCscxe6y7LucFy_13sdf_flash_gui3sdf5testss_28parse_metadata_value_no_null
FN:789,_RNvNtNtCscxe6y7LucFy_13sdf_flash_gui3sdf5testss_28parse_sdf0_zero_table_offset
FN:608,_RNvNtNtCscxe6y7LucFy_13sdf_flash_gui3sdf5testss_29parse_sdf0_truncated_metadata
FN:587,_RNvNtNtCscxe6y7LucFy_13sdf_flash_gui3sdf5testss_31parse_sdf0_unknown_key_in_extra
FN:904,_RNvNtNtCscxe6y7LucFy_13sdf_flash_gui3sdf5testss_32sdf_error_data_too_short_display
FN:598,_RNvNtNtCscxe6y7LucFy_13sdf_flash_gui3sdf5testss_33parse_sdf0_known_and_unknown_keys
FN:915,_RNvNtNtCscxe6y7LucFy_13sdf_flash_gui3sdf5testss_33sdf_error_invalid_version_display
FN:945,_RNvNtNtCscxe6y7LucFy_13sdf_flash_gui3sdf5testss_34looks_like_structured_header_valid
FN:952,_RNvNtNtCscxe6y7LucFy_13sdf_flash_gui3sdf5testss_36looks_like_structured_header_invalid
FN:861,_RNvNtNtCscxe6y7LucFy_13sdf_flash_gui3sdf5testss_36parse_sdf0_metadata_invalid_utf8_key
FN:686,_RNvNtNtCscxe6y7LucFy_13sdf_flash_gui3sdf5testss_36skip_bytes_reads_large_gap_in_chunks
FN:535,_RNvNtNtCscxe6y7LucFy_13sdf_flash_gui3sdf5testss_37parse_sdf0_metadata_with_capabilities
FN:828,_RNvNtNtCscxe6y7LucFy_13sdf_flash_gui3sdf5testss_38format_container_cli_includes_metadata
FN:877,_RNvNtNtCscxe6y7LucFy_13sdf_flash_gui3sdf5testss_38parse_sdf0_metadata_invalid_utf8_value
FN:628,_RNvNtNtCscxe6y7LucFy_13sdf_flash_gui3sdf5testss_40parse_sdf0_rejects_oversized_header_size
FN:985,_RNvNtNtCscxe6y7LucFy_13sdf_flash_gui3sdf5testss_40parse_sdf0_rejects_payload_before_header
FN:773,_RNvNtNtCscxe6y7LucFy_13sdf_flash_gui3sdf5testss_41parse_metadata_key_then_no_room_for_value
FN:922,_RNvNtNtCscxe6y7LucFy_13sdf_flash_gui3sdf5testss_42parse_sdf0_database_file_minimal_container
FN:870,_RNvNtNtCscxe6y7LucFy_13sdf_flash_gui3sdf5testss_43parse_sdf0_metadata_empty_key_stops_parsing
FN:653,_RNvNtNtCscxe6y7LucFy_13sdf_flash_gui3sdf5testss_43parse_sdf0_rejects_oversized_metadata_table
FN:694,_RNvNtNtCscxe6y7LucFy_13sdf_flash_gui3sdf5testss_44read_metadata_table_rejects_oversized_buffer
FN:704,_RNvNtNtCscxe6y7LucFy_13sdf_flash_gui3sdf5testss_47parse_sdf0_ignores_large_payload_after_metadata
FN:846,_RNvNtNtCscxe6y7LucFy_13sdf_flash_gui3sdf5testss_48format_container_log_includes_localized_metadata
FN:719,_RNvNtNtCscxe6y7LucFy_13sdf_flash_gui3sdf5testss_48parse_sdf0_padded_metadata_region_with_table_gap
FN:962,_RNvNtNtCscxe6y7LucFy_13sdf_flash_gui3sdf5testss_51looks_like_structured_header_table_offset_too_large
FN:645,_RNvNtNtCscxe6y7LucFy_13sdf_flash_gui3sdf5testss_51parse_sdf0_rejects_header_size_smaller_than_minimum
FN:967,_RNvNtNtCscxe6y7LucFy_13sdf_flash_gui3sdf5testss_52parse_sdf0_header_size_larger_than_min_skips_padding
FN:667,_RNvNtNtCscxe6y7LucFy_13sdf_flash_gui3sdf5testss_52parse_sdf0_rejects_oversized_padding_before_metadata
FN:808,_RNvNtNtCscxe6y7LucFy_13sdf_flash_gui3sdf5testss_52parse_sdf0_table_after_payload_falls_back_to_minimal
FN:818,_RNvNtNtCscxe6y7LucFy_13sdf_flash_gui3sdf5testss_52parse_sdf0_table_before_header_falls_back_to_minimal
FN:797,_RNvNtNtCscxe6y7LucFy_13sdf_flash_gui3sdf5testss_53parse_sdf0_inconsistent_offsets_falls_back_to_minimal
FN:752,_RNvXNtNtCscxe6y7LucFy_13sdf_flash_gui3sdf5testsNtB2_13FailingReaderNtNtCsaLOjE9VYtxK_3std2io4Read4read
FNDA:0,_RINvNtCs3Wy3tfohZJx_13sdf_flash_gui3sdf10parse_sdf0INtNtNtCsaLOjE9VYtxK_3std2io6cursor6CursorRINtNtCs8dnTdrJsiec_5alloc3vec3VechEEEB4_
FNDA:0,_RINvNtCs3Wy3tfohZJx_13sdf_flash_gui3sdf10parse_sdf0INtNtNtCsaLOjE9VYtxK_3std2io6cursor6CursorRShEEB4_
FNDA:0,_RINvNtCs3Wy3tfohZJx_13sdf_flash_gui3sdf10skip_bytesINtNtNtCsaLOjE9VYtxK_3std2io6cursor6CursorRINtNtCs8dnTdrJsiec_5alloc3vec3VechEEEB4_
FNDA:0,_RINvNtCs3Wy3tfohZJx_13sdf_flash_gui3sdf10skip_bytesINtNtNtCsaLOjE9VYtxK_3std2io6cursor6CursorRShEEB4_
FNDA:0,_RINvNtCs3Wy3tfohZJx_13sdf_flash_gui3sdf19read_metadata_tableINtNtNtCsaLOjE9VYtxK_3std2io6cursor6CursorRINtNtCs8dnTdrJsiec_5alloc3vec3VechEEEB4_
FNDA:0,_RINvNtCs3Wy3tfohZJx_13sdf_flash_gui3sdf19read_metadata_tableINtNtNtCsaLOjE9VYtxK_3std2io6cursor6CursorRShEEB4_
FNDA:0,_RNCINvNtCs3Wy3tfohZJx_13sdf_flash_gui3sdf10parse_sdf0INtNtNtCsaLOjE9VYtxK_3std2io6cursor6CursorRINtNtCs8dnTdrJsiec_5alloc3vec3VechEEE0B6_
FNDA:0,_RNCINvNtCs3Wy3tfohZJx_13sdf_flash_gui3sdf10parse_sdf0INtNtNtCsaLOjE9VYtxK_3std2io6cursor6CursorRShEE0B6_
FNDA:0,_RNCNvNtCs3Wy3tfohZJx_13sdf_flash_gui3sdf20parse_metadata_table0B5_
FNDA:0,_RNCNvNtCs3Wy3tfohZJx_13sdf_flash_gui3sdf20parse_metadata_tables0_0B5_
FNDA:0,_RNCNvNtCs3Wy3tfohZJx_13sdf_flash_gui3sdf20parse_metadata_tables_0B5_
FNDA:0,_RNCNvNtCs3Wy3tfohZJx_13sdf_flash_gui3sdf6bytes40B5_
FNDA:0,_RNvNtCs3Wy3tfohZJx_13sdf_flash_gui3sdf20format_container_cli
FNDA:0,_RNvNtCs3Wy3tfohZJx_13sdf_flash_gui3sdf20format_container_log
FNDA:0,_RNvNtCs3Wy3tfohZJx_13sdf_flash_gui3sdf20parse_metadata_table
FNDA:0,_RNvNtCs3Wy3tfohZJx_13sdf_flash_gui3sdf22minimal_sdf0_container
FNDA:0,_RNvNtCs3Wy3tfohZJx_13sdf_flash_gui3sdf28looks_like_structured_header
FNDA:0,_RNvNtCs3Wy3tfohZJx_13sdf_flash_gui3sdf6be_u32
FNDA:0,_RNvNtCs3Wy3tfohZJx_13sdf_flash_gui3sdf6bytes4
FNDA:37,_RINvNtCscxe6y7LucFy_13sdf_flash_gui3sdf10parse_sdf0INtNtNtCsaLOjE9VYtxK_3std2io6cursor6CursorRINtNtCs8dnTdrJsiec_5alloc3vec3VechEEEB4_
FNDA:13,_RINvNtCscxe6y7LucFy_13sdf_flash_gui3sdf10parse_sdf0INtNtNtCsaLOjE9VYtxK_3std2io6cursor6CursorRShEEB4_
FNDA:1,_RINvNtCscxe6y7LucFy_13sdf_flash_gui3sdf10parse_sdf0NtNtB2_5tests13FailingReaderEB4_
FNDA:3,_RINvNtCscxe6y7LucFy_13sdf_flash_gui3sdf10skip_bytesINtNtNtCsaLOjE9VYtxK_3std2io6cursor6CursorRINtNtCs8dnTdrJsiec_5alloc3vec3VechEEEB4_
FNDA:2,_RINvNtCscxe6y7LucFy_13sdf_flash_gui3sdf10skip_bytesINtNtNtCsaLOjE9VYtxK_3std2io6cursor6CursorRShEEB4_
FNDA:0,_RINvNtCscxe6y7LucFy_13sdf_flash_gui3sdf10skip_bytesNtNtB2_5tests13FailingReaderEB4_
FNDA:25,_RINvNtCscxe6y7LucFy_13sdf_flash_gui3sdf19read_metadata_tableINtNtNtCsaLOjE9VYtxK_3std2io6cursor6CursorRINtNtCs8dnTdrJsiec_5alloc3vec3VechEEEB4_
FNDA:6,_RINvNtCscxe6y7LucFy_13sdf_flash_gui3sdf19read_metadata_tableINtNtNtCsaLOjE9VYtxK_3std2io6cursor6CursorRShEEB4_
FNDA:0,_RINvNtCscxe6y7LucFy_13sdf_flash_gui3sdf19read_metadata_tableNtNtB2_5tests13FailingReaderEB4_
FNDA:1,_RNCINvNtCscxe6y7LucFy_13sdf_flash_gui3sdf10parse_sdf0INtNtNtCsaLOjE9VYtxK_3std2io6cursor6CursorRINtNtCs8dnTdrJsiec_5alloc3vec3VechEEE0B6_
FNDA:1,_RNCINvNtCscxe6y7LucFy_13sdf_flash_gui3sdf10parse_sdf0INtNtNtCsaLOjE9VYtxK_3std2io6cursor6CursorRShEE0B6_
FNDA:1,_RNCINvNtCscxe6y7LucFy_13sdf_flash_gui3sdf10parse_sdf0NtNtB4_5tests13FailingReaderE0B6_
FNDA:581,_RNCNvNtCscxe6y7LucFy_13sdf_flash_gui3sdf20parse_metadata_table0B5_
FNDA:2,_RNCNvNtCscxe6y7LucFy_13sdf_flash_gui3sdf20parse_metadata_tables0_0B5_
FNDA:272,_RNCNvNtCscxe6y7LucFy_13sdf_flash_gui3sdf20parse_metadata_tables_0B5_
FNDA:244,_RNCNvNtCscxe6y7LucFy_13sdf_flash_gui3sdf6bytes40B5_
FNDA:1,_RNvNtCscxe6y7LucFy_13sdf_flash_gui3sdf20format_container_cli
FNDA:1,_RNvNtCscxe6y7LucFy_13sdf_flash_gui3sdf20format_container_log
FNDA:26,_RNvNtCscxe6y7LucFy_13sdf_flash_gui3sdf20parse_metadata_table
FNDA:5,_RNvNtCscxe6y7LucFy_13sdf_flash_gui3sdf22minimal_sdf0_container
FNDA:48,_RNvNtCscxe6y7LucFy_13sdf_flash_gui3sdf28looks_like_structured_header
FNDA:196,_RNvNtCscxe6y7LucFy_13sdf_flash_gui3sdf6be_u32
FNDA:244,_RNvNtCscxe6y7LucFy_13sdf_flash_gui3sdf6bytes4
FNDA:32,_RNvNtNtCscxe6y7LucFy_13sdf_flash_gui3sdf5tests17build_sdf0_header
FNDA:16,_RNvNtNtCscxe6y7LucFy_13sdf_flash_gui3sdf5tests24build_sdf0_with_metadata
FNDA:1,_RNvNtNtCscxe6y7LucFy_13sdf_flash_gui3sdf5testss_17sdf_error_display
FNDA:1,_RNvNtNtCscxe6y7LucFy_13sdf_flash_gui3sdf5testss_19parse_sdf0_io_error
FNDA:1,_RNvNtNtCscxe6y7LucFy_13sdf_flash_gui3sdf5testss_19parse_sdf0_no_flags
FNDA:1,_RNvNtNtCscxe6y7LucFy_13sdf_flash_gui3sdf5testss_19sdf0_magic_constant
FNDA:1,_RNvNtNtCscxe6y7LucFy_13sdf_flash_gui3sdf5testss_20parse_sdf0_fwver_key
FNDA:1,_RNvNtNtCscxe6y7LucFy_13sdf_flash_gui3sdf5testss_20parse_sdf0_model_key
FNDA:1,_RNvNtNtCscxe6y7LucFy_13sdf_flash_gui3sdf5testss_21parse_sdf0_both_flags
FNDA:1,_RNvNtNtCscxe6y7LucFy_13sdf_flash_gui3sdf5testss_23parse_valid_sdf0_header
FNDA:1,_RNvNtNtCscxe6y7LucFy_13sdf_flash_gui3sdf5testss_23skip_bytes_zero_is_noop
FNDA:1,_RNvNtNtCscxe6y7LucFy_13sdf_flash_gui3sdf5testss_24parse_sdf0_invalid_magic
FNDA:1,_RNvNtNtCscxe6y7LucFy_13sdf_flash_gui3sdf5testss_24parse_sdf0_larger_header
FNDA:1,_RNvNtNtCscxe6y7LucFy_13sdf_flash_gui3sdf5testss_24parse_sdf0_with_metadata
FNDA:1,_RNvNtNtCscxe6y7LucFy_13sdf_flash_gui3sdf5testss_25parse_sdf0_data_too_short
FNDA:1,_RNvNtNtCscxe6y7LucFy_13sdf_flash_gui3sdf5testss_25parse_sdf0_empty_metadata
FNDA:1,_RNvNtNtCscxe6y7LucFy_13sdf_flash_gui3sdf5testss_25parse_sdf0_metadata_fwver
FNDA:1,_RNvNtNtCscxe6y7LucFy_13sdf_flash_gui3sdf5testss_26parse_metadata_key_no_null
FNDA:1,_RNvNtNtCscxe6y7LucFy_13sdf_flash_gui3sdf5testss_26parse_sdf0_compressed_flag
FNDA:1,_RNvNtNtCscxe6y7LucFy_13sdf_flash_gui3sdf5testss_26parse_sdf0_invalid_version
FNDA:1,_RNvNtNtCscxe6y7LucFy_13sdf_flash_gui3sdf5testss_26parse_sdf0_model_lowercase
FNDA:1,_RNvNtNtCscxe6y7LucFy_13sdf_flash_gui3sdf5testss_26parse_sdf0_truncated_value
FNDA:1,_RNvNtNtCscxe6y7LucFy_13sdf_flash_gui3sdf5testss_28parse_metadata_value_no_null
FNDA:1,_RNvNtNtCscxe6y7LucFy_13sdf_flash_gui3sdf5testss_28parse_sdf0_zero_table_offset
FNDA:1,_RNvNtNtCscxe6y7LucFy_13sdf_flash_gui3sdf5testss_29parse_sdf0_truncated_metadata
FNDA:1,_RNvNtNtCscxe6y7LucFy_13sdf_flash_gui3sdf5testss_31parse_sdf0_unknown_key_in_extra
FNDA:1,_RNvNtNtCscxe6y7LucFy_13sdf_flash_gui3sdf5testss_32sdf_error_data_too_short_display
FNDA:1,_RNvNtNtCscxe6y7LucFy_13sdf_flash_gui3sdf5testss_33parse_sdf0_known_and_unknown_keys
FNDA:1,_RNvNtNtCscxe6y7LucFy_13sdf_flash_gui3sdf5testss_33sdf_error_invalid_version_display
FNDA:1,_RNvNtNtCscxe6y7LucFy_13sdf_flash_gui3sdf5testss_34looks_like_structured_header_valid
FNDA:1,_RNvNtNtCscxe6y7LucFy_13sdf_flash_gui3sdf5testss_36looks_like_structured_header_invalid
FNDA:1,_RNvNtNtCscxe6y7LucFy_13sdf_flash_gui3sdf5testss_36parse_sdf0_metadata_invalid_utf8_key
FNDA:1,_RNvNtNtCscxe6y7LucFy_13sdf_flash_gui3sdf5testss_36skip_bytes_reads_large_gap_in_chunks
FNDA:1,_RNvNtNtCscxe6y7LucFy_13sdf_flash_gui3sdf5testss_37parse_sdf0_metadata_with_capabilities
FNDA:1,_RNvNtNtCscxe6y7LucFy_13sdf_flash_gui3sdf5testss_38format_container_cli_includes_metadata
FNDA:1,_RNvNtNtCscxe6y7LucFy_13sdf_flash_gui3sdf5testss_38parse_sdf0_metadata_invalid_utf8_value
FNDA:1,_RNvNtNtCscxe6y7LucFy_13sdf_flash_gui3sdf5testss_40parse_sdf0_rejects_oversized_header_size
FNDA:1,_RNvNtNtCscxe6y7LucFy_13sdf_flash_gui3sdf5testss_40parse_sdf0_rejects_payload_before_header
FNDA:1,_RNvNtNtCscxe6y7LucFy_13sdf_flash_gui3sdf5testss_41parse_metadata_key_then_no_room_for_value
FNDA:1,_RNvNtNtCscxe6y7LucFy_13sdf_flash_gui3sdf5testss_42parse_sdf0_database_file_minimal_container
FNDA:1,_RNvNtNtCscxe6y7LucFy_13sdf_flash_gui3sdf5testss_43parse_sdf0_metadata_empty_key_stops_parsing
FNDA:1,_RNvNtNtCscxe6y7LucFy_13sdf_flash_gui3sdf5testss_43parse_sdf0_rejects_oversized_metadata_table
FNDA:1,_RNvNtNtCscxe6y7LucFy_13sdf_flash_gui3sdf5testss_44read_metadata_table_rejects_oversized_buffer
FNDA:1,_RNvNtNtCscxe6y7LucFy_13sdf_flash_gui3sdf5testss_47parse_sdf0_ignores_large_payload_after_metadata
FNDA:1,_RNvNtNtCscxe6y7LucFy_13sdf_flash_gui3sdf5testss_48format_container_log_includes_localized_metadata
FNDA:1,_RNvNtNtCscxe6y7LucFy_13sdf_flash_gui3sdf5testss_48parse_sdf0_padded_metadata_region_with_table_gap
FNDA:1,_RNvNtNtCscxe6y7LucFy_13sdf_flash_gui3sdf5testss_51looks_like_structured_header_table_offset_too_large
FNDA:1,_RNvNtNtCscxe6y7LucFy_13sdf_flash_gui3sdf5testss_51parse_sdf0_rejects_header_size_smaller_than_minimum
FNDA:1,_RNvNtNtCscxe6y7LucFy_13sdf_flash_gui3sdf5testss_52parse_sdf0_header_size_larger_than_min_skips_padding
FNDA:1,_RNvNtNtCscxe6y7LucFy_13sdf_flash_gui3sdf5testss_52parse_sdf0_rejects_oversized_padding_before_metadata
FNDA:1,_RNvNtNtCscxe6y7LucFy_13sdf_flash_gui3sdf5testss_52parse_sdf0_table_after_payload_falls_back_to_minimal
FNDA:1,_RNvNtNtCscxe6y7LucFy_13sdf_flash_gui3sdf5testss_52parse_sdf0_table_before_header_falls_back_to_minimal
FNDA:1,_RNvNtNtCscxe6y7LucFy_13sdf_flash_gui3sdf5testss_53parse_sdf0_inconsistent_offsets_falls_back_to_minimal
FNDA:1,_RNvXNtNtCscxe6y7LucFy_13sdf_flash_gui3sdf5testsNtB2_13FailingReaderNtNtCsaLOjE9VYtxK_3std2io4Read4read
FNF:69
FNH:69
DA:87,244
DA:88,244
DA:89,244
DA:90,244
DA:91,244
DA:92,244
DA:93,244
DA:94,244
DA:96,196
DA:97,196
DA:98,196
DA:100,5
DA:101,5
DA:102,1
DA:103,4
DA:105,4
DA:106,4
DA:107,9
DA:108,5
DA:109,5
DA:110,5
DA:112,4
DA:113,5
DA:115,51
DA:116,51
DA:117,51
DA:118,51
DA:119,51
DA:120,2
DA:121,2
DA:122,2
DA:123,2
DA:124,1
DA:125,3
DA:127,48
DA:128,48
DA:129,8
DA:130,8
DA:131,8
DA:132,8
DA:133,40
DA:135,40
DA:136,40
DA:137,1
DA:138,39
DA:140,39
DA:141,39
DA:142,39
DA:143,39
DA:158,39
DA:159,5
DA:160,34
DA:162,34
DA:163,1
DA:164,33
DA:165,33
DA:166,1
DA:167,1
DA:168,1
DA:169,1
DA:170,32
DA:172,32
DA:173,2
DA:174,2
DA:175,30
DA:179,32
DA:180,6
DA:182,26
DA:185,32
DA:186,32
DA:187,2
DA:188,2
DA:189,2
DA:190,30
DA:192,30
DA:193,1
DA:194,1
DA:195,29
DA:197,30
DA:199,30
DA:200,23
DA:202,7
DA:205,30
DA:206,30
DA:208,30
DA:209,30
DA:210,30
DA:211,30
DA:212,30
DA:213,30
DA:214,30
DA:215,30
DA:216,30
DA:217,30
DA:218,30
DA:219,30
DA:220,30
DA:221,30
DA:222,30
DA:223,30
DA:224,30
DA:225,51
DA:230,48
DA:231,48
DA:232,1
DA:233,47
DA:234,47
DA:235,2
DA:236,45
DA:237,45
DA:238,1
DA:239,44
DA:241,44
DA:242,2
DA:243,42
DA:244,42
DA:245,2
DA:246,40
DA:247,40
DA:248,3
DA:249,37
DA:250,37
DA:251,48
DA:255,5
DA:256,5
DA:257,5
DA:258,5
DA:259,5
DA:260,5
DA:261,5
DA:262,5
DA:263,5
DA:264,5
DA:265,5
DA:266,5
DA:267,5
DA:268,5
DA:269,5
DA:270,5
DA:271,5
DA:272,5
DA:273,5
DA:275,31
DA:276,31
DA:277,31
DA:278,1
DA:279,1
DA:280,1
DA:281,30
DA:282,30
DA:283,5
DA:284,25
DA:285,25
DA:286,25
DA:287,25
DA:288,31
DA:290,26
DA:291,26
DA:292,26
DA:294,62
DA:295,581
DA:296,43
DA:297,3
DA:299,43
DA:300,42
DA:301,1
DA:303,42
DA:304,1
DA:305,41
DA:306,41
DA:308,41
DA:309,1
DA:310,40
DA:312,272
DA:313,37
DA:314,3
DA:316,37
DA:317,36
DA:318,1
DA:320,36
DA:322,36
DA:323,36
DA:324,23
DA:325,10
DA:326,4
DA:328,6
DA:329,2
DA:331,5
DA:333,36
DA:336,26
DA:337,26
DA:340,1
DA:341,1
DA:342,1
DA:343,1
DA:344,1
DA:345,1
DA:346,1
DA:347,1
DA:348,1
DA:349,1
DA:350,1
DA:351,1
DA:352,1
DA:353,1
DA:354,1
DA:355,1
DA:356,1
DA:357,1
DA:358,1
DA:359,1
DA:360,1
DA:361,1
DA:362,1
DA:363,1
DA:364,1
DA:365,1
DA:366,1
DA:367,1
DA:368,1
DA:369,1
DA:370,1
DA:371,1
DA:372,1
DA:373,4
DA:374,4
DA:375,4
DA:376,1
DA:377,1
DA:380,1
DA:382,1
DA:383,1
DA:384,1
DA:385,1
DA:386,1
DA:387,1
DA:388,1
DA:389,1
DA:391,1
DA:392,1
DA:393,1
DA:394,1
DA:395,1
DA:396,1
DA:397,1
DA:398,1
DA:399,1
DA:400,1
DA:401,1
DA:402,1
DA:403,1
DA:404,1
DA:405,1
DA:406,1
DA:407,1
DA:408,1
DA:409,1
DA:410,1
DA:411,1
DA:412,1
DA:413,1
DA:414,1
DA:415,1
DA:416,3
DA:417,3
DA:418,3
DA:419,3
DA:420,3
DA:421,3
DA:422,3
DA:423,3
DA:424,1
DA:425,1
DA:432,32
DA:433,32
DA:434,32
DA:435,32
DA:436,32
DA:437,32
DA:438,32
DA:439,32
DA:440,32
DA:441,32
DA:442,32
DA:443,32
DA:444,32
DA:445,32
DA:446,32
DA:447,32
DA:449,16
DA:450,16
DA:451,16
DA:452,16
DA:453,16
DA:454,16
DA:455,16
DA:456,16
DA:457,16
DA:458,16
DA:459,16
DA:460,1
DA:461,15
DA:462,16
DA:463,16
DA:466,1
DA:467,1
DA:468,1
DA:469,1
DA:470,1
DA:471,1
DA:472,1
DA:475,1
DA:476,1
DA:477,1
DA:478,1
DA:479,1
DA:480,1
DA:483,1
DA:484,1
DA:485,1
DA:486,1
DA:487,1
DA:488,1
DA:489,1
DA:492,1
DA:493,1
DA:494,1
DA:495,1
DA:496,1
DA:497,1
DA:500,1
DA:501,1
DA:502,1
DA:503,1
DA:504,1
DA:505,1
DA:508,1
DA:509,1
DA:510,1
DA:511,1
DA:512,1
DA:513,1
DA:514,1
DA:517,1
DA:518,1
DA:519,1
DA:520,1
DA:521,1
DA:522,1
DA:523,1
DA:526,1
DA:527,1
DA:528,1
DA:529,1
DA:530,1
DA:531,1
DA:532,1
DA:535,1
DA:536,1
DA:537,1
DA:538,1
DA:539,1
DA:540,1
DA:541,1
DA:544,1
DA:545,1
DA:546,1
DA:547,1
DA:548,1
DA:549,1
DA:552,1
DA:554,1
DA:555,1
DA:556,1
DA:557,1
DA:558,1
DA:559,1
DA:560,1
DA:563,1
DA:564,1
DA:565,1
DA:566,1
DA:567,1
DA:568,1
DA:571,1
DA:572,1
DA:573,1
DA:574,1
DA:575,1
DA:576,1
DA:579,1
DA:580,1
DA:581,1
DA:582,1
DA:583,1
DA:584,1
DA:587,1
DA:588,1
DA:589,1
DA:590,1
DA:591,1
DA:592,1
DA:593,1
DA:594,1
DA:595,1
DA:598,1
DA:599,1
DA:600,1
DA:601,1
DA:602,1
DA:603,1
DA:604,1
DA:605,1
DA:608,1
DA:610,1
DA:611,1
DA:612,1
DA:614,1
DA:615,1
DA:618,1
DA:620,1
DA:621,1
DA:622,1
DA:624,1
DA:625,1
DA:628,1
DA:631,1
DA:632,1
DA:633,1
DA:634,1
DA:635,1
DA:636,1
DA:638,1
DA:639,1
DA:640,1
DA:642,1
DA:645,1
DA:646,1
DA:647,1
DA:648,1
DA:649,1
DA:650,1
DA:653,1
DA:654,1
DA:655,1
DA:656,1
DA:657,1
DA:658,1
DA:659,1
DA:660,1
DA:661,1
DA:662,1
DA:664,1
DA:667,1
DA:668,1
DA:669,1
DA:670,1
DA:671,1
DA:672,1
DA:673,1
DA:674,1
DA:675,1
DA:677,1
DA:680,1
DA:681,1
DA:682,1
DA:683,1
DA:686,1
DA:687,1
DA:688,1
DA:689,1
DA:690,1
DA:691,1
DA:694,1
DA:695,1
DA:696,1
DA:697,1
DA:698,1
DA:699,1
DA:701,1
DA:704,1
DA:705,1
DA:708,1
DA:709,1
DA:711,1
DA:712,1
DA:713,1
DA:714,1
DA:715,1
DA:716,1
DA:719,1
DA:720,1
DA:721,1
DA:722,1
DA:723,1
DA:724,1
DA:725,1
DA:726,1
DA:727,1
DA:728,1
DA:729,1
DA:730,1
DA:731,1
DA:732,1
DA:733,1
DA:736,1
DA:738,1
DA:739,1
DA:740,1
DA:741,1
DA:742,1
DA:743,1
DA:744,1
DA:745,1
DA:746,1
DA:747,1
DA:752,1
DA:753,1
DA:754,1
DA:758,1
DA:759,1
DA:760,1
DA:761,1
DA:762,1
DA:765,1
DA:767,1
DA:768,1
DA:769,1
DA:770,1
DA:773,1
DA:775,1
DA:776,1
DA:777,1
DA:778,1
DA:781,1
DA:783,1
DA:784,1
DA:785,1
DA:786,1
DA:789,1
DA:790,1
DA:791,1
DA:792,1
DA:793,1
DA:794,1
DA:797,1
DA:799,1
DA:800,1
DA:801,1
DA:802,1
DA:803,1
DA:804,1
DA:805,1
DA:808,1
DA:810,1
DA:811,1
DA:812,1
DA:813,1
DA:814,1
DA:815,1
DA:818,1
DA:820,1
DA:821,1
DA:822,1
DA:823,1
DA:824,1
DA:825,1
DA:828,1
DA:829,1
DA:832,1
DA:835,1
DA:836,1
DA:837,1
DA:838,1
DA:839,1
DA:840,1
DA:841,1
DA:842,1
DA:843,1
DA:846,1
DA:847,1
DA:850,1
DA:853,1
DA:854,1
DA:855,1
DA:856,1
DA:857,1
DA:858,1
DA:861,1
DA:862,1
DA:863,1
DA:864,1
DA:865,1
DA:866,1
DA:867,1
DA:870,1
DA:871,1
DA:872,1
DA:873,1
DA:874,1
DA:877,1
DA:878,1
DA:879,1
DA:880,1
DA:881,1
DA:882,1
DA:883,1
DA:884,1
DA:887,1
DA:888,1
DA:889,1
DA:892,1
DA:893,1
DA:894,1
DA:895,1
DA:896,1
DA:897,1
DA:899,1
DA:900,1
DA:901,1
DA:904,1
DA:905,1
DA:906,1
DA:907,1
DA:908,1
DA:909,1
DA:910,1
DA:911,1
DA:912,1
DA:915,1
DA:916,1
DA:917,1
DA:918,1
DA:919,1
DA:922,1
DA:925,1
DA:926,1
DA:927,1
DA:930,1
DA:931,1
DA:932,1
DA:933,1
DA:934,1
DA:936,1
DA:937,1
DA:938,1
DA:939,1
DA:940,1
DA:941,1
DA:942,1
DA:945,1
DA:946,1
DA:947,1
DA:948,1
DA:949,1
DA:952,1
DA:954,1
DA:955,1
DA:957,1
DA:958,1
DA:959,1
DA:960,1
DA:962,1
DA:963,1
DA:964,1
DA:967,1
DA:969,1
DA:970,1
DA:971,1
DA:972,1
DA:973,1
DA:974,1
DA:975,1
DA:976,1
DA:977,1
DA:978,1
DA:979,1
DA:980,1
DA:981,1
DA:982,1
DA:985,1
DA:990,1
DA:991,1
DA:992,1
DA:993,1
DA:994,1
DA:995,1
DA:996,1
DA:998,1
DA:999,1
DA:1000,1
DA:1001,1
BRF:0
BRH:0
LF:698
LH:696
end_of_record